2016  73  2  3   -3.20    3.39    1.98   473.4   1.63  10.2  6.6
2016  73  2  4   -3.37    3.25    2.02   471.8   1.54  10.0  6.6
2016  73  2  5   -3.23    3.49    1.90 99999.9 999.99 999.9 99.9
2016  73  2  6   -2.81    3.89    1.73   472.3   1.58  10.0  6.5
2016  73  2  7   -3.50    3.12    2.08   472.3   1.56   9.9  6.5
2016  73  2  8   -3.45    3.26    2.05   468.2   1.46   9.7  6.5
2016  73  2  9   -3.43    3.42    1.84   468.2   1.46   9.7  6.5
2016  73  2 10   -3.36    3.38    1.43 99999.9 999.99 999.9 99.9
2016  73  4  5   -4.67    1.71    0.81   460.1   2.25  10.4  6.1
2016  73  4  6   -4.68    1.84    0.52   462.4   2.13  10.6  6.3
2016  73  4  7   -4.50    2.17    0.48   464.2   2.06  10.8  6.5
2016  73  4  8   -4.34    2.78   -0.74   464.1   1.67  10.0  6.4
2016  73  4  9   -4.28    2.92   -0.86   464.5   1.61   9.8  6.4
2016  73  4 10   -4.41    2.45    1.66   463.8   1.64   9.9  6.3
2016  73  4 11   -4.36    2.33    2.07   460.5   1.51   9.5  6.2
2016  73  4 12   -4.44    2.36    1.91   460.6   1.53   9.4  6.2
2016  73  4 13   -4.50    2.26    0.83   461.0   1.73   9.9  6.3
2016  73  4 14   -4.44    2.37    1.95   460.5   1.56   9.5  6.2
2016  73  4 15   -4.35    2.33    0.82   459.8   1.66   9.9  6.3
2016  73  4 16   -4.32    2.51    0.73   462.4   1.77  10.1  6.4
2016  73  4 17   -4.25    2.35    2.29   461.7   1.71   9.9  6.3
2016  73  4 18   -4.28    2.92    0.06   461.1   1.49   9.4  6.2
2016  73  4 19   -4.54    2.86    0.29   461.1   1.49   9.4  6.2
2016  73  4 20   -4.46    2.92    0.62 99999.9 999.99 999.9 99.9
2016  73  4 21   -4.45    2.87    0.79   460.5   1.57   9.5  6.2
2016  73  4 22   -4.57    2.03    1.78   460.5   1.57   9.5  6.2
2016  73  4 23   -4.84    1.62    1.51 99999.9 999.99 999.9 99.9
2016  73  4 24   -4.85    1.99    1.00   463.8   1.64   9.6  6.2
2016  73  4 25   -4.81    2.18    0.95   463.8   1.63   9.6  6.2
2016  73  4 26   -4.91    2.08    0.47   463.0   1.61   9.5  6.2
2016  73  4 27   -4.89    2.12    0.62   460.8   1.60   9.5  6.2
2016  73  4 28   -4.79    2.34    0.87   460.0   1.60   9.5  6.2
2016  73  4 29   -4.87    2.27    0.50   457.2   1.55   9.2  6.0
2016  73  4 30   -4.69    2.47    1.10   455.4   1.58   9.2  6.0
2016  73  4 31   -3.78    3.42    1.88   462.1   1.56   9.5  6.2
2016  73  4 32   -3.83    3.40    1.80   463.7   1.58   9.7  6.3
2016  73  4 33   -3.76    3.65    1.57   463.9   1.59   9.8  6.3
2016  73  4 34   -3.93    3.54    1.39   463.4   1.54   9.6  6.3
2016  73  4 35   -4.18    3.13    1.47   463.4   1.56   9.7  6.3
2016  73  4 36   -5.00    2.13    0.45   457.9   1.56   9.2  6.0
2016  73  4 37   -4.69    2.47    1.36   457.9   1.56   9.2  6.0
2016  73  4 38   -4.75    2.48    1.14   457.9   1.56   9.2  6.0
2016  73  4 39   -4.73    2.48    1.08 99999.9 999.99 999.9 99.9
2016  73  4 40   -4.50    2.65    1.42   459.0   1.53   9.4  6.2
2016  73  4 41   -4.56    2.57    1.58   460.9   1.48   9.3  6.2
2016  73  4 42   -4.40    2.83    1.58   462.9   1.42   9.1  6.1
2016  73  4 43   -4.63    2.68    1.36   461.7   1.39   9.0  6.1
2016  73  4 44   -4.50    2.76    1.59   460.3   1.44   9.2  6.1
2016  73  4 45   -4.63    2.51    1.68   457.8   1.45   9.1  6.1
2016  73  4 46   -4.57    2.57    1.70   458.3   1.43   9.1  6.1
2016  73  4 47   -4.61    2.61    1.56   458.5   1.40   9.1  6.1
2016  73  4 48   -4.29    2.61    2.06   457.1   1.34   8.9  6.1
2016  73  4 49   -4.78    2.42    1.42   456.4   1.43   9.0  6.0
2016  73  4 50   -4.22    2.39    2.32   456.3   1.48   9.1  6.0
2016  73  4 51   -4.80    2.37    1.20   456.2   1.38   8.9  6.0
2016  73  4 52   -4.66    2.40    1.47   456.1   1.37   8.8  6.0
2016  73  4 53   -5.09    2.16    0.49   456.1   1.33   8.7  6.0
2016  73  4 54   -5.05    2.23    0.70   460.6   1.41   9.0  6.0
2016  73  4 55   -4.75    2.03    0.45   460.6   1.55   9.4  6.1
2016  73  5  9   -4.56    1.78   -2.70 99999.9 999.99 999.9 99.9
2016  73  5 11   -4.53    1.58   -2.94 99999.9 999.99 999.9 99.9
2016  73  5 12   -4.53    1.61   -3.00   462.5   1.36   9.1  6.1
2016  73  5 13   -4.53    1.61   -3.00   462.5   1.36   9.1  6.1
2016  73  5 14   -4.57    1.73   -2.79   462.5   1.38   9.1  6.2
2016  73  5 15   -4.57    1.95   -2.57 99999.9 999.99 999.9 99.9
2016  73  5 16   -4.58    1.71   -2.73 99999.9 999.99 999.9 99.9
2016  73  5 17   -3.91    1.81   -3.25   468.4   1.77  10.3  6.5
2016  73  5 18   -3.36    1.54   -3.81   466.1   1.74  10.2  6.5
2016  73  5 19   -2.63    2.67   -4.05   465.3   1.72  10.0  6.3
2016  73  5 20   -2.67    2.21   -4.27   467.6   1.68   9.9  6.3
2016  73  5 21   -3.78    2.60   -2.32   467.7   1.67   9.9  6.3
2016  73  5 22   -2.95    2.84   -3.23   467.7   1.79  10.3  6.4
2016  73  5 23   -4.22    2.29   -1.83   461.0   1.76  10.3  6.5
2016  73  5 24   -4.94    2.20   -1.36   460.7   1.55   9.5  6.2
2016  73  5 25   -4.47    2.19   -2.04   460.2   1.66   9.8  6.3
2016  73  5 26   -4.88    2.31   -1.59   460.5   1.66   9.7  6.2
2016  73  5 27   -5.02    3.06   -0.80   459.5   1.62   9.5  6.1
2016  73  5 28   -5.07    3.01   -1.31   462.4   1.56   9.4  6.1
2016  73  5 29   -5.49    3.57   -0.74   466.9   1.22   8.4  5.9
2016  73  5 30   -5.74    2.92    0.98   463.9   1.32   8.6  5.9
2016  73  5 31   -5.81    3.16    1.00   461.8   1.40   8.5  5.8
2016  73  5 32   -6.04    2.69    2.46   461.2   1.14   8.0  5.7
2016  73  5 33   -6.07    2.14    3.44   463.4   1.03   7.6  5.5
2016  73  5 34   -5.98    2.19    3.55   466.0   0.96   7.4  5.4
2016  73  5 35   -5.91    2.10    3.78   466.2   0.92   7.3  5.4
2016  73  5 36   -5.43    1.99    4.47   460.7   0.95   7.4  5.5
2016  73  5 37   -5.25    2.04    4.79   460.7   0.93   7.3  5.4
2016  73  5 38   -5.14    1.89    4.74   460.7   0.96   7.4  5.5
2016  73  5 39   -5.16    1.84    4.62 99999.9 999.99 999.9 99.9
2016  73  5 40   -5.12    2.18    4.56   461.3   1.03   7.7  5.6
2016  73  5 41   -4.99    2.12    4.75   461.1   1.01   7.7  5.6
2016  73  5 42   -5.21    2.38    4.51   460.4   0.94   7.4  5.5
2016  73  5 43   -5.00    2.50    4.60   460.5   0.94   7.3  5.4
2016  73  5 44   -4.47    2.95    4.22   459.6   1.02   7.7  5.6
2016  73  5 45   -4.39    3.32    3.65   457.8   1.20   8.3  5.8
2016  73  5 46   -4.57    3.28    3.69   457.9   1.02   7.7  5.6
2016  73  5 47   -4.42    3.24    4.07   459.4   0.97   7.6  5.6
2016  73  5 48   -4.30    3.15    4.17   460.2   0.95   7.5  5.6
2016  73  5 49   -4.34    2.82    4.12   460.7   0.97   7.5  5.6
2016  73  5 50   -4.34    3.21    3.88   460.6   1.03   7.7  5.6
2016  73  5 51   -4.25    3.29    3.76   459.8   1.02   7.7  5.6
2016  73  5 52   -4.89    1.43    3.44   458.8   1.05   7.8  5.7
2016  73  5 53   -4.75    2.21    3.50   459.2   1.01   7.8  5.7
2016  73  5 54   -5.29    1.41    3.27   460.7   1.02   7.8  5.7
2016  73  5 55   -5.37    1.20    3.19   457.2   1.07   7.7  5.5
2016  73  5 56   -5.20    1.22    3.57   451.8   1.04   7.6  5.5
2016  73  5 57   -5.04    0.48    3.89   450.6   1.03   7.6  5.5
2016  73  5 58   -5.40   -0.24    3.28   452.3   1.15   7.8  5.5
2016  73  5 59   -5.41   -0.44    3.25 99999.9 999.99 999.9 99.9
2016  73  6  0   -5.29   -0.60    3.48   456.8   1.05   7.6  5.5
2016  73  6  1   -5.50   -0.87    2.90   456.7   1.06   7.6  5.5
2016  73  6  2   -5.20   -0.82    3.49 99999.9 999.99 999.9 99.9
2016  73  6  3   -5.28   -1.08    3.11 99999.9 999.99 999.9 99.9
2016  73  6  4   -5.57   -1.34    2.53   455.6   1.02   7.6  5.5
2016  73  6  5   -5.12   -0.83    3.51   457.0   1.00   7.5  5.5
2016  73  6  6   -5.22   -1.23    2.76   457.8   1.07   7.7  5.5
2016  73  6  7   -5.40   -0.95    2.58   458.4   1.05   7.7  5.6
2016  73  6  8   -5.41   -1.28    2.35 99999.9 999.99 999.9 99.9
2016  73  6  9   -5.32   -1.79    1.95   461.9   1.16   7.8  5.5
2016  73  6 10   -5.01   -3.10    1.08   459.7   1.17   8.0  5.6
2016  73  6 11   -4.83   -3.07    1.15   455.5   1.29   8.5  5.8
2016  73  6 12   -4.82   -3.00    1.34   452.5   1.35   8.7  5.9
2016  73  6 13   -4.73   -3.35    1.25   453.6   1.26   8.4  5.8
2016  73  6 14   -4.47   -3.82    0.90   456.3   1.17   8.1  5.7
2016  73  6 15   -4.76   -1.56    2.07   455.7   1.20   8.3  5.8
2016  73  6 16   -4.43    1.81    3.34   455.6   1.21   8.3  5.8
2016  73  6 17   -4.42    1.47    3.24   454.5   1.22   8.4  5.9
2016  73  6 18   -4.46    1.30    3.32   454.7   1.23   8.5  5.9
2016  73  6 20   -4.58    1.14    3.42 99999.9 999.99 999.9 99.9
2016  73  6 21   -4.78    1.14    3.13   455.5   1.21   8.4  5.9
2016  73  6 22   -4.63    0.94    3.41   455.5   1.21   8.5  5.9
2016  73  6 23   -4.61    1.02    3.33   455.6   1.23   8.5  5.9
2016  73  6 24   -4.59    0.62    3.44   455.6   1.24   8.5  5.9
2016  73  6 25   -4.66    0.95    3.32   456.2   1.23   8.5  5.9
2016  73  6 26   -4.60    0.75    3.40   456.5   1.24   8.5  5.9
2016  73  6 27   -4.61    0.61    3.46   456.5   1.23   8.5  5.9
2016  73  6 28   -4.61    0.84    3.35   457.9   1.27   8.6  5.9
2016  73  6 29   -4.60    1.06    3.28   457.3   1.25   8.5  5.9
2016  73  6 30   -4.62    0.94    3.24   456.7   1.23   8.5  5.9
2016  73  6 31   -4.56    1.28    3.16   456.1   1.24   8.5  5.9
2016  73  6 32   -4.58    0.91    3.27   455.7   1.26   8.6  5.9
2016  73  6 33   -4.87    0.62    2.92   455.6   1.26   8.6  5.9
2016  73  6 34   -5.03    0.84    2.63   453.5   1.17   8.3  5.9
2016  73  6 35   -5.02    0.92    2.64   453.6   1.18   8.3  5.9
2016  73  6 36   -4.81    0.70    3.02   453.9   1.24   8.5  5.9
2016  73  6 37   -4.68    0.27    3.16   454.9   1.37   8.9  6.0
2016  73  6 38   -4.54   -0.27    3.35   457.3   1.26   8.8  6.1
2016  73  6 39   -5.13    0.35    2.45 99999.9 999.99 999.9 99.9
2016  73  6 40   -5.15    0.30    2.42   452.4   1.27   8.7  6.0
2016  73  6 41   -4.87    0.14    2.91   453.8   1.27   8.6  5.9
2016  73  6 42   -4.87    0.18    3.02   454.8   1.27   8.5  5.9
2016  73  6 43   -4.86    0.29    3.03   458.5   1.25   8.5  5.9
2016  73  6 44   -4.80    0.43    3.03   458.4   1.27   8.5  5.9
2016  73  6 45   -4.78    0.48    3.01   455.8   1.25   8.6  6.0
2016  73  6 46   -4.68    0.64    2.99   456.6   1.31   8.7  6.0
2016  73  6 47   -4.61    0.70    3.01   455.7   1.32   8.8  6.0
2016  73  6 48   -4.52    0.76    3.06   454.8   1.34   8.8  6.0
2016  73  6 49   -4.47    0.94    3.17   455.4   1.31   8.7  6.0
2016  73  6 50   -4.34    1.10    3.37   456.0   1.32   8.8  6.0
2016  73  6 51   -4.31    0.90    3.27   456.7   1.36   9.0  6.1
2016  73  6 52   -4.09    1.00    3.36   454.9   1.46   9.2  6.1
2016  73  6 53   -4.14    1.13    3.25   456.0   1.57   9.5  6.2
2016  73  6 54   -4.45    0.81    3.10   453.2   1.38   8.9  6.0
2016  73  6 55   -4.40    0.82    3.07   453.2   1.39   8.9  6.0
2016  73  6 56   -3.40    1.89    3.65   454.1   1.49   9.3  6.1
2016  73  6 57   -3.54    1.12    3.73   457.0   1.64   9.9  6.3
2016  73  6 58   -3.32    1.42    3.83   457.0   1.64   9.8  6.3
2016  73  6 59   -3.43    1.71    3.56   457.5   1.59   9.8  6.3
2016  73  7  0   -3.03    2.14    3.53   457.5   1.64   9.9  6.4
2016  73  7  2   -3.19    2.23    3.06   460.6   1.98  10.6  6.5
2016  73  7  3   -1.80    3.24    3.22   459.9   1.65   9.9  6.3
2016  73  7  4   -1.93    2.66    3.85   458.3   1.57   9.7  6.3
2016  73  7  5   -3.54    1.68    3.37   457.8   1.82  10.2  6.3
2016  73  7  6   -3.33    2.29    3.29   457.9   2.07  10.7  6.4
2016  73  7  7   -3.91    1.81    3.02   458.7   1.86  10.2  6.3
2016  73  7  8   -3.87    1.67    3.22   458.7   1.83  10.1  6.3
2016  73  7  9   -3.83    1.59    3.35   461.9   1.66  10.1  6.5
2016  73  7 10   -3.54    2.00    3.58   461.9   1.62  10.0  6.5
2016  73  7 11   -3.71    1.83    3.48   461.9   1.63  10.0  6.5
2016  73  7 12   -3.98    1.59    3.30   459.1   1.58   9.8  6.3
2016  73  7 13   -4.22    1.56    3.06   459.1   1.57   9.7  6.3
2016  73  7 14   -4.32    1.33    3.04 99999.9 999.99 999.9 99.9
2016  73  7 15   -4.13    1.43    3.05   462.6   1.73  10.1  6.4
2016  73  7 16   -3.97    1.59    3.09   462.6   1.76  10.2  6.4
2016  73  7 17   -3.78    1.84    3.00   461.4   1.75  10.1  6.4
2016  73  7 18   -3.92    1.68    3.01   461.4   1.73  10.0  6.3
2016  73  7 19   -3.61    2.04    3.01   461.4   1.79  10.2  6.4
2016  73  7 20   -3.40    2.44    3.08 99999.9 999.99 999.9 99.9
2016  73  7 29   -4.39    1.30    2.86 99999.9 999.99 999.9 99.9
2016  73  7 30   -5.06    0.03    2.01 99999.9 999.99 999.9 99.9
2016  73  7 31   -5.17   -0.01    2.09 99999.9 999.99 999.9 99.9
2016  73  7 33   -4.56    1.44    2.84 99999.9 999.99 999.9 99.9
2016  73  7 34   -4.68    1.14    2.83 99999.9 999.99 999.9 99.9
2016  73  7 35   -5.16    0.05    2.39 99999.9 999.99 999.9 99.9
2016  73  7 36   -5.36   -0.56    2.21   455.2   1.24   8.6  6.0
2016  73  7 37   -5.36   -0.53    2.21   455.2   1.24   8.6  6.0
2016  73  7 38   -5.30   -0.35    2.34   455.2   1.25   8.7  6.0
2016  73  7 39   -5.22   -0.17    2.47   455.1   1.27   8.7  6.0
2016  73  7 40   -5.19   -0.09    2.56   455.1   1.27   8.7  6.0
2016  73  7 41   -5.16   -0.02    2.61   455.2   1.27   8.8  6.1
2016  73  7 42   -5.15    0.03    2.63   455.2   1.27   8.8  6.1
2016  73  7 43   -5.09   -0.03    2.70   454.8   1.27   8.8  6.1
2016  73  7 44   -5.08    0.21    2.67   454.8   1.27   8.8  6.1
2016  73  7 45   -5.10    0.41    2.64   454.8   1.27   8.8  6.1
2016  73  7 46   -5.09    0.62    2.60 99999.9 999.99 999.9 99.9
2016  73  7 47   -5.05    1.01    2.52   455.3   1.27   8.8  6.1
2016  73  7 48   -4.99    1.20    2.55   455.3   1.27   8.8  6.1
2016  73  7 49   -5.04    1.21    2.47 99999.9 999.99 999.9 99.9
2016  73  7 51   -5.22    0.60    2.30   454.0   1.27   8.8  6.1
2016  73  7 52   -5.23    0.26    2.28   454.0   1.28   8.8  6.1
2016  73  7 53   -5.34    0.31    2.08   453.8   1.25   8.7  6.0
2016  73  7 54   -5.38    0.03    1.94   453.8   1.26   8.7  6.0
2016  73  7 55   -5.33    0.02    1.97   453.6   1.30   8.7  6.0
2016  73  7 56   -5.33    0.13    1.90   453.6   1.31   8.7  6.0
2016  73  7 57   -5.31    0.12    1.96   453.6   1.33   8.6  5.9
2016  73  7 58   -5.32    0.11    1.86   453.6   1.33   8.6  5.9
2016  73  7 59   -5.22    0.30    2.10 99999.9 999.99 999.9 99.9
2016  73  8  0   -5.27    0.27    1.93   456.0   1.35   8.8  6.0
2016  73  8  1   -5.31    0.33    1.80   456.0   1.36   8.9  6.0
2016  73  8  2   -5.27    0.37    1.80   457.3   1.39   9.0  6.1
2016  73  8  3   -5.21    0.37    1.89   457.3   1.41   9.1  6.1
2016  73  8  4   -5.23    0.53    1.88   457.3   1.39   9.0  6.1
2016  73  8  5   -5.18    0.56    2.00 99999.9 999.99 999.9 99.9
2016  73  8  6   -5.18    0.62    2.06 99999.9 999.99 999.9 99.9
2016  73  8  9   -5.04    1.02    2.13 99999.9 999.99 999.9 99.9
2016  73  8 10   -4.95    0.95    2.20   454.5   1.51   9.1  6.0
2016  73  8 11   -4.89    1.02    2.20   454.3   1.53   9.2  6.0
2016  73  8 12   -4.85    1.12    2.21   452.9   1.52   9.2  6.0
2016  73  8 13   -4.68    1.43    2.55   454.8   1.38   9.0  6.1
2016  73  8 14   -4.78    1.40    2.48   454.9   1.36   9.0  6.1
2016  73  8 15   -4.88    1.38    2.35 99999.9 999.99 999.9 99.9
2016  73  8 16   -4.82    1.50    2.41   454.7   1.41   9.0  6.1
2016  73  8 17   -4.65    1.72    2.36   454.7   1.45   9.2  6.1
2016  73  8 18   -4.89    0.79    2.31   454.9   1.49   9.2  6.1
2016  73  8 19   -4.84    0.86    2.36   455.1   1.50   9.3  6.1
2016  73  8 20   -4.97    0.53    2.36   455.1   1.46   9.1  6.1
2016  73  8 21   -4.96    1.06    2.39 99999.9 999.99 999.9 99.9
2016  73  8 22   -4.93    1.40    2.24   454.9   1.39   9.0  6.0
2016  73  8 23   -4.92    1.46    2.03   454.4   1.43   9.1  6.1
2016  73  8 24   -4.91    1.36    2.10   451.0   1.46   8.9  5.9
2016  73  8 25   -4.85    1.34    2.33   451.0   1.44   8.9  5.9
2016  73  8 26   -4.86    1.42    2.25 99999.9 999.99 999.9 99.9
2016  73  8 27   -4.85    1.42    2.34 99999.9 999.99 999.9 99.9
2016  73  8 29   -5.20    0.55    1.98 99999.9 999.99 999.9 99.9
2016  73  8 30   -5.17    0.59    2.00   450.7   1.38   8.8  5.9
2016  73  8 31   -5.12    0.67    2.10   450.7   1.38   8.8  5.9
2016  73  8 32   -5.21    0.48    1.83   450.7   1.39   8.8  6.0
2016  73  8 33   -5.25   -0.09    1.74 99999.9 999.99 999.9 99.9
2016  73  8 34   -5.31    0.33    1.79   456.3   1.44   9.0  6.0
2016  73  8 35   -5.23    0.37    2.00   456.3   1.44   9.0  6.0
2016  73  8 36   -5.20    0.33    2.13   456.3   1.43   9.0  6.0
2016  73  8 37   -5.08    0.96    2.16   454.3   1.40   9.1  6.1
2016  73  8 38   -5.09    0.83    2.22   454.0   1.38   9.0  6.1
2016  73  8 39   -5.12    0.74    2.27   454.2   1.36   9.0  6.1
2016  73  8 40   -5.16    0.61    2.27   452.7   1.35   8.9  6.1
2016  73  8 41   -5.18    0.53    2.26 99999.9 999.99 999.9 99.9
2016  73  8 42   -5.22    0.46    2.21 99999.9 999.99 999.9 99.9
2016  73  8 43   -5.22    0.46    2.21 99999.9 999.99 999.9 99.9
2016  73  8 44   -5.21    0.43    2.23 99999.9 999.99 999.9 99.9
2016  73  8 45   -5.20    0.53    2.28   450.7   1.33   8.9  6.1
2016  73  8 46   -5.14    0.60    2.28   450.7   1.35   9.0  6.1
2016  73  8 47   -5.15    0.62    2.28 99999.9 999.99 999.9 99.9
2016  73  8 48   -5.18    0.56    2.29   450.7   1.34   8.9  6.1
2016  73  8 49   -5.15    0.61    2.29   450.7   1.34   8.9  6.1
2016  73  8 50   -5.18    0.58    2.26   450.7   1.34   8.9  6.1
2016  73  8 51   -5.16    0.54    2.31 99999.9 999.99 999.9 99.9
2016  73  8 53   -5.05    0.84    2.33   452.1   1.40   9.1  6.1
2016  73  8 54   -5.10    0.74    2.34   452.1   1.38   9.0  6.1
2016  73  8 55   -5.14    0.82    2.19   452.6   1.36   9.0  6.1
2016  73  8 56   -5.09    0.78    2.29   452.6   1.36   9.0  6.1
2016  73  8 58   -5.11    1.51    1.89 99999.9 999.99 999.9 99.9
2016  73  8 59   -5.13    1.60    1.89 99999.9 999.99 999.9 99.9
2016  73  9  0   -5.17    1.63    1.98 99999.9 999.99 999.9 99.9
2016  73  9  1   -5.12    1.62    2.08 99999.9 999.99 999.9 99.9
2016  73  9  2   -5.22    1.09    2.17   448.3   1.24   8.6  5.9
2016  73  9  3   -5.25    1.02    2.09   448.8   1.25   8.6  5.9
2016  73  9  4   -5.30    0.83    2.10   449.6   1.23   8.5  5.9
2016  73  9  5   -5.31    0.69    2.03   449.3   1.25   8.6  6.0
2016  73  9  6   -5.27    0.84    2.09   450.1   1.21   8.6  6.0
2016  73  9  7   -5.13    0.80    2.46   449.2   1.24   8.6  6.0
2016  73  9  8   -5.08    0.40    2.54   451.5   1.21   8.7  6.1
2016  73  9  9   -4.76    1.26    2.96   451.9   1.21   8.7  6.1
2016  73  9 10   -4.82    0.95    2.81   446.6   1.33   9.0  6.1
2016  73  9 11   -4.71    1.06    2.79   445.7   1.44   9.2  6.1
2016  73  9 12   -4.68    1.21    2.82   445.6   1.45   9.2  6.1
2016  73  9 13   -4.73    1.12    2.80 99999.9 999.99 999.9 99.9
2016  73  9 14   -4.68    1.22    2.84 99999.9 999.99 999.9 99.9
2016  73  9 15   -4.64    1.36    2.85 99999.9 999.99 999.9 99.9
2016  73  9 17   -4.53    1.68    2.94   446.9   1.35   9.0  6.1
2016  73  9 18   -4.53    1.68    2.94   446.9   1.35   9.0  6.1
2016  73  9 19   -5.07    0.90    2.74   446.9   1.26   8.6  6.0
2016  73  9 20   -5.28    0.55    2.52 99999.9 999.99 999.9 99.9
2016  73  9 21   -5.21    0.61    2.57 99999.9 999.99 999.9 99.9
2016  73  9 22   -5.38    0.45    2.71 99999.9 999.99 999.9 99.9
2016  73  9 23   -5.39    0.32    2.67   445.4   1.09   8.0  5.8
2016  73  9 24   -5.41    0.39    2.60   446.2   1.07   8.0  5.8
2016  73  9 25   -5.39    0.23    2.68   445.9   1.04   8.0  5.8
2016  73  9 26   -5.11    0.91    3.06   444.4   1.02   7.9  5.7
2016  73  9 27   -5.07    0.96    3.09   449.4   1.11   8.2  5.8
2016  73  9 28   -4.75    1.32    3.26   449.4   1.15   8.3  5.9
2016  73  9 29   -4.89    1.17    3.16 99999.9 999.99 999.9 99.9
2016  73  9 30   -4.63    1.71    3.08   457.2   1.31   8.8  6.0
2016  73  9 31   -3.07    3.23    2.95   457.2   1.44   9.2  6.2
2016  73  9 32   -1.66    4.28    3.04   449.7   1.66   9.5  6.1
2016  73  9 33   -3.73    2.93    2.97   449.7   1.64   9.4  6.0
2016  73  9 34   -3.60    2.91    3.26   448.3   1.45   9.1  6.0
2016  73  9 35   -3.27    2.92    3.33   448.3   1.53   9.3  6.1
2016  73  9 36   -3.51    2.53    3.47   444.9   1.53   9.1  6.0
2016  73  9 37   -3.76    2.34    3.29   444.9   1.54   9.2  6.0
2016  73  9 38   -3.57    2.17    3.51   444.9   1.57   9.3  6.0
2016  73  9 39   -3.67    2.01    3.56   444.6   1.63   9.3  6.0
2016  73  9 40   -3.62    2.45    3.45   444.6   1.59   9.2  6.0
2016  73  9 41   -3.76    2.49    3.52 99999.9 999.99 999.9 99.9
2016  73  9 42   -3.89    2.50    3.41 99999.9 999.99 999.9 99.9
2016  73  9 43   -3.71    2.76    3.17 99999.9 999.99 999.9 99.9
2016  73  9 44   -3.73    2.84    3.19 99999.9 999.99 999.9 99.9
2016  73  9 45   -3.71    2.70    3.20   441.3   1.52   9.1  6.0
2016  73  9 46   -3.66    2.57    3.33   441.3   1.53   9.1  6.0
2016  73  9 47   -3.63    2.77    3.30   441.3   1.50   9.0  5.9
2016  73  9 48   -3.45    3.09    3.19 99999.9 999.99 999.9 99.9
2016  73  9 49   -3.28    3.37    3.15 99999.9 999.99 999.9 99.9
2016  73  9 50   -3.46    2.99    3.22 99999.9 999.99 999.9 99.9
2016  73  9 51   -3.41    3.28    3.07   444.5   1.52   9.1  6.0
2016  73  9 52   -3.34    3.28    3.16   444.5   1.51   9.1  6.0
2016  73  9 53   -3.37    3.37    2.96   445.2   1.52   9.2  6.0
2016  73  9 54   -3.47    3.27    2.86   445.2   1.56   9.3  6.0
2016  73  9 55   -3.55    3.20    2.92   442.2   1.49   9.1  6.0
2016  73  9 56   -3.59    3.27    3.03   441.8   1.40   8.8  5.9
2016  73  9 57   -3.70    3.16    3.15   440.5   1.28   8.5  5.8
2016  73  9 58   -3.70    3.08    3.23   442.7   1.32   8.5  5.8
2016  73  9 59   -3.67    3.07    3.20   442.7   1.34   8.6  5.9
2016  73 10  0   -3.45    3.37    2.98   444.0   1.42   8.9  6.0
2016  73 10  1   -3.17    3.86    2.52   444.3   1.47   9.1  6.0
2016  73 10  2   -3.12    3.97    2.42   446.4   1.52   9.2  6.0
2016  73 10  3   -3.37    3.76    2.54   445.4   1.43   9.0  6.0
2016  73 10  4   -3.28    3.98    2.45   444.4   1.34   8.8  6.0
2016  73 10  5   -3.49    3.65    2.52 99999.9 999.99 999.9 99.9
2016  73 10  8   -3.66    2.94    3.37 99999.9 999.99 999.9 99.9
2016  73 10  9   -3.74    2.76    3.36 99999.9 999.99 999.9 99.9
2016  73 10 10   -3.70    3.15    2.94   446.2   1.43   9.0  6.0
2016  73 10 11   -3.59    3.62    2.62   446.2   1.41   9.0  6.0
2016  73 10 12   -3.44    3.66    2.68   446.5   1.42   9.0  6.1
2016  73 10 13   -3.41    3.60    2.79   446.0   1.40   8.9  6.0
2016  73 10 14   -3.35    3.65    2.89   445.7   1.37   8.8  6.0
2016  73 10 15   -3.26    3.62    3.05   445.7   1.37   8.8  6.0
2016  73 10 17   -3.06    3.89    2.94 99999.9 999.99 999.9 99.9
2016  73 10 18   -3.27    3.81    2.85 99999.9 999.99 999.9 99.9
2016  73 10 20   -3.44    3.49    3.00 99999.9 999.99 999.9 99.9
2016  73 10 21   -4.21    2.68    2.90 99999.9 999.99 999.9 99.9
2016  73 10 22   -4.39    2.47    2.94   440.2   1.40   8.6  5.8
2016  73 10 23   -3.96    2.88    2.85   440.2   1.49   8.9  5.9
2016  73 10 24   -3.80    3.01    2.80   439.6   1.58   9.1  5.9
2016  73 10 25   -3.76    3.38    2.90   439.6   1.46   8.8  5.8
2016  73 10 26   -3.69    3.51    2.75 99999.9 999.99 999.9 99.9
2016  73 10 29   -3.66    3.36    2.77 99999.9 999.99 999.9 99.9
2016  73 10 30   -3.66    3.56    2.69   442.2   1.31   8.7  5.9
2016  73 10 31   -2.94    3.75    3.10   442.2   1.35   8.8  6.0
2016  73 10 32   -2.74    4.42    2.21   441.2   1.59   9.2  6.0
2016  73 10 33   -2.48    4.77    1.78   441.1   1.57   9.1  5.9
2016  73 10 34   -2.50    4.75    1.68   446.9   1.54   9.4  6.1
2016  73 10 35   -3.12    3.98    2.13   442.4   1.63   9.5  6.1
2016  73 10 36   -4.17    2.80    2.54   436.8   1.51   8.9  5.8
2016  73 10 37   -4.01    3.29    2.23   436.2   1.48   8.8  5.8
2016  73 10 38   -4.06    3.55    2.14 99999.9 999.99 999.9 99.9
2016  73 10 39   -3.78    3.51    2.12 99999.9 999.99 999.9 99.9
2016  73 10 40   -3.68    3.60    2.05   441.7   1.66   9.4  6.0
2016  73 10 41   -3.81    3.34    2.39   441.5   1.61   9.3  6.0
2016  73 10 42   -3.94    3.15    2.38   439.8   1.53   9.0  5.9
2016  73 10 44   -4.18    3.24    2.65   461.2   0.74   7.8  6.1
2016  73 10 45   -4.26    3.19    2.65 99999.9 999.99 999.9 99.9
2016  73 10 46   -4.23    3.21    2.68 99999.9 999.99 999.9 99.9
2016  73 10 47   -4.18    3.22    2.72   442.6   1.23   8.2  5.7
2016  73 10 48   -4.28    3.08    2.70   444.4   1.21   8.2  5.7
2016  73 10 49   -4.29    3.08    2.61   445.0   1.25   8.3  5.8
2016  73 10 50   -4.29    3.18    2.65   445.0   1.25   8.3  5.8
2016  73 10 51   -4.21    3.14    2.78   445.1   1.28   8.3  5.7
2016  73 10 52   -4.09    3.30    2.95   446.1   1.15   8.0  5.7
2016  73 10 53   -4.20    3.26    2.99   446.4   1.11   7.9  5.7
2016  73 10 54   -4.04    3.41    2.97   446.2   1.14   8.0  5.7
2016  73 10 55   -4.36    3.01    2.79   444.4   1.15   8.0  5.7
2016  73 10 56   -4.46    2.95    2.74   442.9   1.18   8.1  5.7
2016  73 10 57   -4.19    3.01    2.69   441.0   1.29   8.5  5.9
2016  73 10 58   -4.31    2.85    2.67   441.0   1.29   8.5  5.9
2016  73 10 59   -4.27    2.96    2.66   440.6   1.32   8.4  5.7
2016  73 11  0   -4.22    2.98    2.75   440.6   1.32   8.4  5.7
2016  73 11  1   -4.39    2.65    2.86   441.8   1.25   8.2  5.7
2016  73 11  2   -4.38    2.55    2.97   440.7   1.28   8.3  5.7
2016  73 11  3   -4.36    2.66    2.91   440.4   1.29   8.3  5.7
2016  73 11  4   -4.42    2.50    2.94   440.4   1.27   8.3  5.7
2016  73 11  5   -4.49    2.38    2.86   440.4   1.29   8.3  5.7
2016  73 11  6   -4.55    2.36    2.81   440.4   1.28   8.3  5.7
2016  73 11  7   -4.49    2.56    2.86   438.4   1.18   8.1  5.7
2016  73 11  8   -4.30    2.81    2.77   437.8   1.24   8.2  5.7
2016  73 11  9   -3.98    3.24    2.58   437.4   1.29   8.3  5.7
2016  73 11 10   -3.75    3.52    2.55 99999.9 999.99 999.9 99.9
2016  73 11 11   -3.70    3.71    2.26 99999.9 999.99 999.9 99.9
2016  73 11 13   -3.33    3.84    2.59   437.8   1.36   8.5  5.7
2016  73 11 14   -2.68    4.24    2.54   432.3   1.26   8.3  5.8
2016  73 11 15    0.32    5.65    0.30   425.4   1.19   8.1  5.7
2016  73 11 16    0.33    5.65    0.57 99999.9 999.99 999.9 99.9
2016  73 11 17   -0.06    5.65    0.76   421.8   1.38   8.3  5.6
2016  73 11 18   -0.37    5.56    0.93   421.4   1.36   8.3  5.7
2016  73 11 19   -0.54    5.60    0.81   420.9   1.27   8.2  5.7
2016  73 11 20   -0.90    5.54    0.81   424.5   1.33   8.4  5.7
2016  73 11 21   -2.21    5.08    1.11   423.6   1.15   8.1  5.7
2016  73 11 22   -2.92    4.77    1.91   423.4   1.07   7.9  5.7
2016  73 11 23   -2.90    4.86    1.67 99999.9 999.99 999.9 99.9
2016  73 11 24   -2.58    5.00    1.69   422.1   1.12   8.0  5.7
2016  73 11 25   -2.08    5.12    1.53   422.1   1.16   8.1  5.7
2016  73 11 26   -1.58    5.39    1.16   422.1   1.18   8.2  5.8
2016  73 11 27   -1.59    5.42    0.90   422.0   1.21   8.2  5.7
2016  73 11 28   -0.73    5.55    0.10   421.9   1.22   8.2  5.7
2016  73 11 29    1.66    5.38   -1.08   413.3   1.24   8.1  5.6
2016  73 11 30    3.13    4.87   -1.30   412.5   1.21   8.0  5.6
2016  73 11 31    3.13    5.12   -0.96 99999.9 999.99 999.9 99.9
2016  73 11 32    3.11    5.19   -0.74 99999.9 999.99 999.9 99.9
2016  73 11 33    2.97    5.26   -0.72   428.1   0.86   7.3  5.5
2016  73 11 34    3.01    5.22   -1.15   429.3   0.83   7.2  5.5
2016  73 11 35    3.23    5.06   -1.74   430.0   0.83   7.2  5.5
2016  73 11 36    3.08    5.17   -1.59   430.0   0.87   7.4  5.6
2016  73 11 37    3.13    5.11   -1.07   429.9   0.92   7.5  5.6
2016  73 11 39    2.86    5.40   -1.78 99999.9 999.99 999.9 99.9
2016  73 11 40    2.42    5.41   -1.39 99999.9 999.99 999.9 99.9
2016  73 11 41   -1.03    4.79    1.13   442.4   2.19  11.5  6.8
2016  73 11 43   -2.51    3.58    2.42   442.4   2.23  11.6  6.8
2016  73 11 44   -2.79    3.25    2.60 99999.9 999.99 999.9 99.9
2016  73 11 51    0.15    5.20    0.45   442.3   1.99  10.7  6.5
2016  73 11 52   -0.67    4.90    1.23   441.7   1.97  10.7  6.5
2016  73 11 53   -3.52    2.48    2.79   434.5   1.79  10.1  6.3
2016  73 11 54   -4.01    1.92    3.07   429.7   1.58   9.3  6.1
2016  73 11 55   -4.41    0.53    3.02   426.9   1.61   9.3  6.0
2016  73 11 56   -4.34    0.82    3.09   426.0   1.63   9.3  6.0
2016  73 11 57   -3.29    2.67    3.00   431.7   1.56   9.4  6.1
2016  73 11 58   -3.51    2.56    3.05   431.9   1.53   9.3  6.1
2016  73 11 59   -3.53    2.53    3.07   427.4   1.72   9.6  6.1
2016  73 12  0   -3.52    2.15    3.49   428.3   1.61   9.3  6.0
2016  73 12  1   -3.42    2.54    3.34   429.9   1.56   9.2  6.0
2016  73 12  2   -3.29    2.91    3.17   431.1   1.66   9.5  6.1
2016  73 12  3   -3.63    2.16    3.27   428.1   1.74   9.6  6.0
2016  73 12  4   -3.69    1.58    3.37   428.0   1.82   9.8  6.1
2016  73 12  5   -3.69    1.33    3.46   424.3   1.64   9.4  6.0
2016  73 12  6   -4.14    1.26    3.08   424.3   1.61   9.3  6.0
2016  73 12  7   -4.20    0.54    3.19   424.7   1.68   9.5  6.1
2016  73 12  8   -4.03    0.02    3.29   424.7   1.75   9.7  6.1
2016  73 12  9   -4.17   -0.49    3.08   424.6   1.67   9.5  6.1
2016  73 12 10   -4.08   -0.16    3.20   424.6   1.70   9.6  6.1
2016  73 12 11   -4.11   -0.25    3.12   422.2   1.76   9.7  6.1
2016  73 12 12   -4.10   -0.58    3.08   421.8   1.77   9.7  6.1
2016  73 12 13   -4.12   -0.70    3.07 99999.9 999.99 999.9 99.9
2016  73 12 14   -3.99   -0.41    3.21   421.6   1.78   9.8  6.2
2016  73 12 15   -3.90   -0.50    3.30   421.6   1.79   9.8  6.2
2016  73 12 16   -3.93   -0.49    3.25   421.6   1.79   9.8  6.2
2016  73 12 17   -3.93   -0.49    3.21 99999.9 999.99 999.9 99.9
2016  73 12 18   -3.90   -0.50    3.20   421.0   1.84   9.9  6.2
2016  73 12 19   -3.90   -0.60    3.21   421.0   1.83   9.9  6.2
2016  73 12 20   -3.90   -0.49    3.24   421.5   1.82   9.9  6.2
2016  73 12 21   -3.88   -0.59    3.33   421.5   1.78   9.8  6.1
2016  73 12 22   -3.92    0.24    3.32   423.3   1.71   9.6  6.1
2016  73 12 23   -4.00    0.74    3.15   423.3   1.70   9.6  6.1
2016  73 12 24   -3.83    1.84    2.65   426.5   1.83   9.8  6.1
2016  73 12 25   -3.87    0.47    3.32   426.0   1.83   9.9  6.1
2016  73 12 26   -3.94    0.30    3.27   424.7   1.76   9.7  6.1
2016  73 12 27   -3.94    0.07    3.26   424.8   1.75   9.7  6.1
2016  73 12 28   -3.73    0.93    3.37   424.8   1.75   9.7  6.1
2016  73 12 29   -3.74    1.12    3.36   425.2   1.87   9.9  6.1
2016  73 12 30   -3.66    1.16    3.42   425.2   1.87   9.9  6.1
2016  73 12 31   -3.70    1.09    3.43   424.5   1.79   9.8  6.1
2016  73 12 32   -3.76    1.06    3.38   424.5   1.79   9.8  6.1
2016  73 12 33   -3.74    1.06    3.41   424.5   1.78   9.7  6.1
2016  73 12 34   -3.62    1.20    3.51   424.0   1.82   9.8  6.1
2016  73 12 35   -3.38    1.52    3.56   423.5   1.90   9.9  6.1
2016  73 12 36   -3.84    1.16    3.27   423.5   1.79   9.7  6.1
2016  73 12 37   -4.03    1.13    3.06   423.4   1.78   9.7  6.1
2016  73 12 38   -4.20    0.92    2.88   423.1   1.84   9.8  6.1
2016  73 12 39   -3.90    1.61    3.08   423.0   1.81   9.6  6.0
2016  73 12 40   -3.71    2.20    2.99   424.8   1.72   9.5  6.0
2016  73 12 41   -3.74    1.98    2.81   424.3   1.89   9.9  6.1
2016  73 12 42   -3.62    1.78    3.29   423.7   1.76   9.6  6.0
2016  73 12 43   -3.60    1.82    3.28   423.5   1.77   9.6  6.0
2016  73 12 48   -3.77    1.57    3.00   423.5   1.88   9.9  6.1
2016  73 12 49   -3.88    1.85    2.79   423.5   1.83   9.8  6.1
2016  73 12 50   -3.71    2.13    2.80   422.7   1.78   9.7  6.1
2016  73 12 51   -3.75    2.13    2.86   422.9   1.80   9.7  6.1
2016  73 12 52   -3.81    2.10    2.74   423.0   1.86   9.8  6.1
2016  73 12 53   -3.88    1.64    2.88   423.6   1.87   9.8  6.1
2016  73 12 54   -3.65    1.82    2.93   423.2   1.91   9.9  6.1
2016  73 12 55   -3.86    0.98    2.85   420.9   1.93   9.9  6.1
2016  73 12 56   -4.10    0.28    2.83   422.7   1.90   9.9  6.1
2016  73 12 57   -3.98   -0.79    2.64   418.5   2.04  10.1  6.1
2016  73 13  0   -4.02    0.21    2.94   420.1   2.11  10.1  6.0
2016  73 13  1   -3.69    0.45    3.29   420.1   2.11  10.1  6.0
2016  73 13  3   -3.81    0.58    3.32   419.8   1.92   9.9  6.1
2016  73 13  4   -3.80    0.70    3.45   420.7   1.82   9.6  6.0
2016  73 13  5   -3.78    0.76    3.47   423.2   1.71   9.5  6.0
2016  73 13  6   -3.81    0.83    3.40   423.2   1.72   9.5  6.0
2016  73 13  7   -3.85    0.94    3.39   423.8   1.67   9.4  6.0
2016  73 13  8   -3.90    0.91    3.32   423.8   1.67   9.4  6.0
2016  73 13  9   -3.92    0.96    3.28 99999.9 999.99 999.9 99.9
2016  73 13 10   -3.91    1.00    3.29 99999.9 999.99 999.9 99.9
2016  73 13 11   -3.76    1.19    3.09 99999.9 999.99 999.9 99.9
2016  73 13 13   -3.92    1.32    3.05   421.9   1.73   9.5  6.0
2016  73 13 14   -3.92    1.38    3.12   421.9   1.69   9.4  6.0
2016  73 13 15   -3.91    1.09    3.21   421.9   1.70   9.4  6.0
2016  73 13 16   -4.01    1.16    3.05 99999.9 999.99 999.9 99.9
2016  73 13 17   -3.88    1.34    2.97   417.5   1.82   9.7  6.0
2016  73 13 18   -3.95    1.27    2.91   417.7   1.81   9.7  6.0
2016  73 13 19   -3.92    1.07    2.90   420.5   1.81   9.7  6.1
2016  73 13 28    0.19    4.99   -0.34   420.0   2.14   9.8  5.8
2016  73 13 29   -0.43    4.20    0.12   415.6   1.65   9.3  6.0
