2020  77  0  0    3.08   -5.53    0.88   348.4   2.44  10.3  5.9
2020  77  0  1    2.85   -5.78    0.53   348.6   2.38  10.2  5.9
2020  77  0  2    3.45   -5.12    1.18   349.6   2.52  10.6  6.0
2020  77  0  3    4.06   -4.99    1.58   351.8   2.22   9.9  5.8
2020  77  0  4    4.52   -5.26    1.96   353.4   1.61   8.5  5.5
2020  77  0  5    4.84   -5.52    2.09   354.6   1.26   7.6  5.3
2020  77  0  6    4.99   -5.19    2.20   353.5   1.35   7.9  5.3
2020  77  0  7    5.41   -4.79    2.02   350.7   1.47   8.2  5.5
2020  77  0  8    5.45   -4.12    2.57   352.7   1.50   8.3  5.5
2020  77  0  9    5.01   -4.98    1.60   352.5   1.52   8.4  5.5
2020  77  0 10    4.88   -5.15    1.35   352.2   1.52   8.4  5.5
2020  77  0 11    4.73   -5.10    1.31   352.7   1.78   9.0  5.6
2020  77  0 12    4.73   -5.08    1.30   352.7   1.79   9.0  5.6
2020  77  0 13    4.79   -5.01    1.33   352.7   1.85   9.1  5.7
2020  77  0 14    4.78   -5.03    1.44   352.7   1.83   9.1  5.7
2020  77  0 15    4.83   -5.13    1.24   350.8   1.62   8.6  5.6
2020  77  0 16    4.96   -4.91    1.58   350.8   1.61   8.6  5.5
2020  77  0 17    4.77   -5.26    1.18   351.2   1.67   8.7  5.6
2020  77  0 18    4.88   -5.19    1.23   351.3   1.68   8.7  5.6
2020  77  0 19    4.83   -5.21    1.26   349.5   1.61   8.4  5.4
2020  77  0 20    4.89   -5.18    1.45   349.5   1.59   8.4  5.4
2020  77  0 21    4.88   -4.98    1.39   349.5   1.65   8.5  5.5
2020  77  0 22    5.32   -4.53    1.75   343.3   1.70   8.3  5.3
2020  77  0 23    5.00   -4.04    1.93   343.3   1.96   8.9  5.4
2020  77  0 24    4.77   -3.79    1.99   342.1   2.03   8.7  5.3
2020  77  0 25    4.38   -4.49    1.59   340.8   2.03   8.8  5.3
2020  77  0 26    4.28   -4.71    1.31   339.8   2.06   9.0  5.4
2020  77  0 28    4.00   -4.96    1.18   337.2   1.97   8.8  5.3
2020  77  0 29    3.89   -4.85    1.10   336.5   2.04   8.9  5.3
2020  77  0 30    3.99   -5.16    1.26   335.2   1.83   8.3  5.2
2020  77  0 31    3.37   -6.13   -0.06   339.1   1.66   8.2  5.2
2020  77  0 32    3.18   -6.31   -0.20   341.0   1.66   8.2  5.3
2020  77  0 33    3.46   -6.43    0.13   341.0   1.54   7.9  5.2
2020  77  0 34    3.54   -6.91    0.09 99999.9 999.99 999.9 99.9
2020  77  0 35    3.79   -6.76    0.10 99999.9 999.99 999.9 99.9
2020  77  0 36    3.71   -6.48   -0.48   339.0   1.36   7.3  4.9
2020  77  0 37    4.65   -6.10    0.38   339.0   1.30   7.1  4.9
2020  77  0 38    5.18   -5.68    1.29   335.8   0.87   5.7  4.3
2020  77  0 39    5.22   -5.83    1.93   337.8   0.92   6.1  4.5
2020  77  0 40    5.06   -6.13    1.67   338.3   0.92   6.1  4.6
2020  77  0 42    5.50   -5.32    2.79   337.2   0.89   6.1  4.6
2020  77  0 43    5.61   -5.09    2.88   337.6   0.92   6.2  4.6
2020  77  0 44    5.37   -5.41    2.59   338.5   0.99   6.4  4.7
2020  77  0 45    5.31   -5.41    2.83   338.6   0.99   6.3  4.7
2020  77  0 46    5.44   -5.37    2.72 99999.9 999.99 999.9 99.9
2020  77  0 47    5.62   -5.33    2.83   340.1   0.82   5.8  4.5
2020  77  0 48    5.66   -5.30    2.88   340.1   0.81   5.8  4.4
2020  77  0 49    5.63   -5.11    2.93   340.1   0.84   5.9  4.5
2020  77  0 50    5.62   -4.60    3.23 99999.9 999.99 999.9 99.9
2020  77  0 51    5.51   -3.78    3.46 99999.9 999.99 999.9 99.9
2020  77  0 52    5.52   -3.92    3.26 99999.9 999.99 999.9 99.9
2020  77  0 53    5.54   -3.88    3.26 99999.9 999.99 999.9 99.9
2020  77  0 54    5.69   -3.97    2.92 99999.9 999.99 999.9 99.9
2020  77  0 55    5.66   -4.10    3.11 99999.9 999.99 999.9 99.9
2020  77  0 56    5.54   -4.18    3.28   337.9   1.25   7.2  5.0
2020  77  0 57    5.64   -3.84    3.40   337.9   1.27   7.2  5.0
2020  77  0 58    5.99   -3.23    3.65   337.9   1.24   7.1  5.0
2020  77  0 59    5.89   -2.94    3.84   336.4   1.30   7.3  5.0
2020  77  1  0    5.91   -3.38    3.82   336.4   1.23   7.1  4.9
2020  77  1  1    5.69   -4.10    3.49 99999.9 999.99 999.9 99.9
2020  77  1  2    5.69   -4.73    3.16   342.0   0.91   6.2  4.7
2020  77  1  3    5.77   -4.71    2.99   342.0   0.91   6.3  4.7
2020  77  1  4    5.68   -4.50    3.58 99999.9 999.99 999.9 99.9
2020  77  1  5    5.70   -4.43    3.63 99999.9 999.99 999.9 99.9
2020  77  1  6    5.76   -4.37    3.50 99999.9 999.99 999.9 99.9
2020  77  1  7    5.78   -4.30    3.46 99999.9 999.99 999.9 99.9
2020  77  1  8    5.77   -4.20    3.47   342.7   0.85   5.9  4.5
2020  77  1  9    5.79   -4.05    3.56   342.7   0.85   5.9  4.5
2020  77  1 10    5.80   -3.92    3.56   342.7   0.87   6.0  4.5
2020  77  1 11    6.02   -3.49    3.74   340.7   0.98   6.5  4.8
2020  77  1 12    6.03   -3.55    3.94   340.7   0.96   6.4  4.7
2020  77  1 13    6.06   -3.59    3.93   340.7   0.95   6.4  4.7
2020  77  1 14    6.04   -3.50    3.85 99999.9 999.99 999.9 99.9
2020  77  1 15    6.08   -3.60    3.80   341.9   0.97   6.5  4.8
2020  77  1 16    5.81   -4.02    3.81   341.9   0.96   6.5  4.8
2020  77  1 17    5.79   -4.06    3.78   340.4   0.80   5.7  4.4
2020  77  1 18    5.76   -4.25    3.68   340.4   0.79   5.7  4.4
2020  77  1 19    5.84   -4.30    3.74   341.7   0.82   5.9  4.5
2020  77  1 20    6.20   -3.86    3.60   342.6   0.85   6.1  4.6
2020  77  1 21    6.37   -3.44    3.81   342.6   0.84   6.0  4.6
2020  77  1 22    6.62   -3.34    3.72 99999.9 999.99 999.9 99.9
2020  77  1 23    6.73   -3.22    3.69 99999.9 999.99 999.9 99.9
2020  77  1 24    6.73   -3.22    3.69 99999.9 999.99 999.9 99.9
2020  77  1 25    6.17   -3.42    3.38   346.6   0.85   6.2  4.7
2020  77  1 26    5.88   -3.44    3.27   338.5   1.04   6.6  4.8
2020  77  1 27    5.88   -3.45    3.17   335.5   1.11   6.8  4.8
2020  77  1 28    5.85   -3.58    3.33   337.0   1.04   6.6  4.8
2020  77  1 29    5.83   -3.56    3.50   336.7   1.00   6.5  4.8
2020  77  1 30    5.89   -3.63    3.49   337.8   1.02   6.6  4.8
2020  77  1 31    6.04   -3.32    3.42   337.9   1.02   6.6  4.8
2020  77  1 32    5.95   -3.31    3.36   337.4   1.05   6.7  4.8
2020  77  1 33    5.89   -2.99    3.55   337.1   0.99   6.5  4.8
2020  77  1 34    5.89   -2.93    3.65   336.8   0.96   6.4  4.7
2020  77  1 35    5.94   -2.88    3.59 99999.9 999.99 999.9 99.9
2020  77  1 36    5.96   -2.79    3.55 99999.9 999.99 999.9 99.9
2020  77  1 37    5.74   -3.00    3.74   336.7   1.04   6.6  4.8
2020  77  1 38    5.79   -3.07    3.71   336.7   1.03   6.6  4.8
2020  77  1 39    5.81   -2.87    3.79   336.7   1.04   6.6  4.8
2020  77  1 40    5.69   -2.67    4.20   337.6   1.01   6.6  4.8
2020  77  1 41    5.81   -2.69    3.99   337.6   1.02   6.6  4.8
2020  77  1 42    6.11   -1.80    3.61   334.0   1.09   6.7  4.8
2020  77  1 43    6.16   -1.75    3.51   334.3   1.10   6.8  4.8
2020  77  1 44    6.23   -1.83    3.36   335.5   1.12   6.8  4.9
2020  77  1 45    6.32   -1.91    3.29   336.5   1.04   6.6  4.8
2020  77  1 46    6.12   -1.90    3.56   335.8   1.07   6.7  4.8
2020  77  1 47    6.14   -1.76    3.56   334.4   1.11   6.8  4.9
2020  77  1 48    6.20   -1.86    3.44 99999.9 999.99 999.9 99.9
2020  77  1 49    6.15   -2.14    3.54 99999.9 999.99 999.9 99.9
2020  77  1 50    6.30   -1.71    3.45   334.3   1.01   6.5  4.7
2020  77  1 51    6.31   -1.57    3.81   334.3   0.97   6.3  4.7
2020  77  1 52    6.27   -1.13    4.04   339.6   0.92   6.4  4.7
2020  77  1 53    6.28   -1.28    3.93   338.1   0.92   6.3  4.7
2020  77  1 54    6.27   -1.33    3.97   340.6   0.93   6.4  4.8
2020  77  1 55    6.26   -1.35    3.90   340.7   0.94   6.5  4.8
2020  77  1 56    6.22   -1.59    3.91   340.7   0.93   6.4  4.8
2020  77  1 57    6.39   -1.16    3.81   338.3   0.93   6.3  4.7
2020  77  1 58    6.37   -1.34    3.74   338.1   0.94   6.4  4.7
2020  77  1 59    5.90   -2.72    3.28   340.0   0.99   6.6  4.8
2020  77  2  0    5.73   -2.94    3.40   335.2   1.04   6.6  4.8
2020  77  2  1    5.67   -2.83    3.40   334.3   1.09   6.8  4.9
2020  77  2  2    6.08   -2.16    3.44   335.0   1.10   6.8  4.9
2020  77  2  3    6.34   -1.52    3.57   336.2   0.98   6.5  4.8
2020  77  2  4    6.32   -1.27    3.59   337.0   0.95   6.4  4.7
2020  77  2  5    6.27   -1.47    3.52   332.3   1.15   6.9  4.9
2020  77  2  6    6.32   -1.31    3.62   332.5   1.13   6.9  4.9
2020  77  2  7    6.27   -1.10    3.74   335.3   1.01   6.6  4.8
2020  77  2  8    6.21   -1.10    3.73   334.6   1.12   6.9  4.9
2020  77  2  9    6.41   -1.20    3.61   333.1   1.15   6.9  4.9
2020  77  2 10    6.37   -1.31    3.68   333.1   1.14   6.9  4.9
2020  77  2 11    6.37   -1.31    3.68 99999.9 999.99 999.9 99.9
2020  77  2 12    6.36   -1.31    3.70 99999.9 999.99 999.9 99.9
2020  77  2 13    6.36   -1.31    3.70 99999.9 999.99 999.9 99.9
2020  77  2 14    6.39   -1.37    3.63 99999.9 999.99 999.9 99.9
2020  77  2 15    6.39   -1.37    3.63 99999.9 999.99 999.9 99.9
2020  77  2 16    6.39   -1.32    3.62 99999.9 999.99 999.9 99.9
2020  77  2 17    6.39   -1.32    3.62 99999.9 999.99 999.9 99.9
2020  77  2 18    6.40   -1.37    3.65 99999.9 999.99 999.9 99.9
2020  77  2 20    6.34   -1.12    3.69   334.8   0.99   6.5  4.7
2020  77  2 21    6.21   -0.98    3.80   334.4   1.01   6.5  4.8
2020  77  2 22    6.28   -0.96    3.74   333.6   1.00   6.5  4.8
2020  77  2 23    6.26   -0.86    3.82   333.4   0.99   6.5  4.7
2020  77  2 24    6.22   -0.75    3.86   332.8   1.03   6.6  4.8
2020  77  2 25    6.29   -0.51    3.69   333.4   1.04   6.6  4.8
2020  77  2 26    6.28   -0.25    3.72   334.7   1.04   6.7  4.8
2020  77  2 27    6.44   -0.76    3.50   334.8   1.02   6.6  4.8
2020  77  2 28    6.45   -1.06    3.39   335.8   0.97   6.4  4.7
2020  77  2 29    6.39   -0.65    3.42   335.5   1.01   6.5  4.8
2020  77  2 30    6.35   -0.82    3.26   334.3   1.11   6.9  4.9
2020  77  2 31    6.37   -0.61    3.46   334.2   1.08   6.8  4.9
2020  77  2 32    6.41   -0.67    3.42 99999.9 999.99 999.9 99.9
2020  77  2 33    6.43   -0.63    3.47   332.7   0.85   5.9  4.5
2020  77  2 34    6.47   -0.48    3.49   332.7   0.85   5.9  4.5
2020  77  2 35    6.45   -0.35    3.53   332.7   0.85   5.9  4.5
2020  77  2 36    6.40   -0.01    3.55 99999.9 999.99 999.9 99.9
2020  77  2 37    6.36    0.10    3.64   333.6   0.98   6.5  4.8
2020  77  2 38    6.40   -0.07    3.61   333.6   0.98   6.4  4.7
2020  77  2 39    6.41   -0.01    3.57   333.5   0.98   6.5  4.8
2020  77  2 40    6.40    0.15    3.56   333.5   0.98   6.5  4.8
2020  77  2 41    6.36    0.04    3.60   333.5   0.99   6.5  4.8
2020  77  2 42    6.35   -0.06    3.58 99999.9 999.99 999.9 99.9
2020  77  2 43    6.16    0.73    3.55   334.7   1.18   7.0  4.9
2020  77  2 44    6.35    0.06    3.26   339.6   1.11   7.0  5.0
2020  77  2 45    6.24    0.38    3.39   337.7   1.10   6.9  5.0
2020  77  2 46    6.33    0.19    3.33   334.5   1.09   6.8  4.9
2020  77  2 47    6.30   -0.58    3.31   333.9   1.07   6.7  4.8
2020  77  2 48    6.16    0.28    3.34   333.0   1.06   6.6  4.7
2020  77  2 49    6.23   -0.07    3.32 99999.9 999.99 999.9 99.9
2020  77  2 50    6.19    0.04    3.37   333.1   1.07   6.7  4.9
2020  77  2 51    5.88    0.99    3.45   333.1   1.12   6.9  4.9
2020  77  2 52    5.73    1.31    3.52 99999.9 999.99 999.9 99.9
2020  77  2 54    5.73    1.28    3.54 99999.9 999.99 999.9 99.9
2020  77  2 56    5.71    1.21    3.60 99999.9 999.99 999.9 99.9
2020  77  2 57    5.71    1.21    3.60 99999.9 999.99 999.9 99.9
2020  77  2 59    5.71    1.24    3.58 99999.9 999.99 999.9 99.9
2020  77  3  0    5.71    1.24    3.58 99999.9 999.99 999.9 99.9
2020  77  3  2    5.69    1.20    3.59 99999.9 999.99 999.9 99.9
2020  77  3  4    5.70    1.17    3.61 99999.9 999.99 999.9 99.9
2020  77  3  6    5.73    1.17    3.55   332.6   1.33   7.5  5.1
2020  77  3 10    5.75    1.12    3.59 99999.9 999.99 999.9 99.9
2020  77  3 11    5.75    1.12    3.59 99999.9 999.99 999.9 99.9
2020  77  3 13    5.76    1.15    3.57 99999.9 999.99 999.9 99.9
2020  77  3 14    5.71    1.10    3.57 99999.9 999.99 999.9 99.9
2020  77  3 20    5.75    1.04    3.65 99999.9 999.99 999.9 99.9
2020  77  3 24    5.82    1.09    3.57 99999.9 999.99 999.9 99.9
2020  77  3 26    5.76    0.95    3.62   333.4   1.31   7.5  5.1
2020  77  3 28    5.80    0.91    3.62 99999.9 999.99 999.9 99.9
2020  77  3 30    5.83    0.84    3.63 99999.9 999.99 999.9 99.9
2020  77  3 31    5.86    0.83    3.62 99999.9 999.99 999.9 99.9
2020  77  3 32    5.86    0.86    3.61 99999.9 999.99 999.9 99.9
2020  77  3 33    5.83    1.03    3.58 99999.9 999.99 999.9 99.9
2020  77  3 34    5.91    1.39    3.53   333.8   1.19   7.1  5.0
2020  77  3 35    5.90    1.58    3.56   333.9   1.16   7.0  5.0
2020  77  3 36    5.95    1.55    3.55   334.2   1.14   7.0  4.9
2020  77  3 37    5.98    1.49    3.37   334.0   1.23   7.2  5.0
2020  77  3 38    5.82    1.46    3.35   334.0   1.28   7.4  5.1
2020  77  3 39    5.73    1.54    3.38   334.0   1.30   7.4  5.1
2020  77  3 40    5.80    1.72    3.33   333.5   1.25   7.3  5.1
2020  77  3 41    5.76    1.94    3.31   333.5   1.24   7.3  5.0
2020  77  3 42    5.81    2.20    3.14   334.2   1.20   7.2  5.0
2020  77  3 43    5.96    2.52    2.94   334.2   1.14   7.0  5.0
2020  77  3 44    5.89    2.71    2.78   334.2   1.17   7.1  5.0
2020  77  3 45    5.98    2.48    2.92   332.9   0.92   6.3  4.7
2020  77  3 46    6.13    1.29    3.49   332.9   0.91   6.3  4.7
2020  77  3 47    6.35    0.16    4.09   332.9   0.82   5.9  4.5
2020  77  3 48    6.36    0.66    3.80   329.2   0.45   4.4  3.7
2020  77  3 49    6.39    0.84    3.73   329.2   0.45   4.4  3.7
2020  77  3 50    6.37    0.90    3.80 99999.9 999.99 999.9 99.9
2020  77  3 51    6.37    1.03    3.77   329.4   0.39   4.1  3.5
2020  77  3 52    6.37    1.96    3.14   329.4   0.41   4.1  3.6
2020  77  3 53    6.28    2.28    2.99 99999.9 999.99 999.9 99.9
2020  77  3 54    6.36    2.01    3.11   328.1   0.35   3.8  3.4
2020  77  3 55    6.43    1.65    3.34   328.1   0.34   3.8  3.3
2020  77  3 56    6.47    1.67    3.33   328.1   0.34   3.8  3.3
2020  77  3 57    6.39    1.49    3.47   331.0   0.66   5.2  4.1
2020  77  3 58    6.48    1.74    3.24   331.0   0.65   5.1  4.1
2020  77  3 59    6.38    1.65    3.42 99999.9 999.99 999.9 99.9
2020  77  4  0    6.26    1.65    3.36 99999.9 999.99 999.9 99.9
2020  77  4  1    6.30    2.06    3.02   329.4   0.65   5.2  4.1
2020  77  4  2    6.28    1.66    3.48   329.4   0.63   5.1  4.1
2020  77  4  3    6.31    1.57    3.56   329.4   0.62   5.1  4.1
2020  77  4  4    6.41    1.06    4.02 99999.9 999.99 999.9 99.9
2020  77  4  5    6.41    0.86    4.21 99999.9 999.99 999.9 99.9
2020  77  4  6    6.17    0.66    4.65 99999.9 999.99 999.9 99.9
2020  77  4  7    6.38    0.50    4.41   333.9   0.36   4.0  3.5
2020  77  4  8    6.35    0.73    4.29   333.9   0.37   4.0  3.5
2020  77  4  9    6.53    1.27    3.88   333.9   0.37   4.0  3.5
2020  77  4 10    6.28    0.70    4.43 99999.9 999.99 999.9 99.9
2020  77  4 11    6.22    0.67    4.51   340.5   0.61   5.1  4.1
2020  77  4 12    6.23    0.85    4.46   344.5   0.67   5.3  4.2
2020  77  4 13    6.00    0.56    4.77   343.6   0.65   5.2  4.2
2020  77  4 14    5.99    0.59    4.73   347.1   0.71   5.5  4.3
2020  77  4 15    6.14    0.84    4.54   343.2   0.66   5.3  4.2
2020  77  4 16    6.18    0.96    4.52   341.5   0.60   5.0  4.1
2020  77  4 17    6.17    1.19    4.50   344.8   0.71   5.4  4.3
2020  77  4 18    6.23    1.36    4.20   345.0   0.72   5.5  4.3
2020  77  4 19    6.33    1.85    3.67   344.4   0.71   5.4  4.3
2020  77  4 20    6.35    1.83    3.81   340.2   0.81   5.7  4.4
2020  77  4 21    6.06    1.25    4.74   343.5   0.72   5.4  4.3
2020  77  4 22    5.62    1.34    5.22   346.3   0.71   5.5  4.3
2020  77  4 23    5.36    1.34    5.48   347.5   0.71   5.5  4.3
2020  77  4 24    5.26    1.55    4.79 99999.9 999.99 999.9 99.9
2020  77  4 25    5.26    2.28    4.39   332.9   0.45   4.4  3.8
2020  77  4 26    5.74    3.15    3.56   332.9   0.42   4.3  3.7
2020  77  4 27    5.74    3.68    2.64   333.2   0.45   4.5  3.8
2020  77  4 28    6.07    3.87    2.15   340.6   0.83   5.8  4.5
2020  77  4 29    6.06    3.65    1.86   340.6   0.87   6.0  4.5
2020  77  4 30    5.85    2.62    3.07   331.9   1.03   6.5  4.7
2020  77  4 31    5.84    2.21    3.24   331.9   1.05   6.6  4.8
2020  77  4 32    5.62    1.62    3.81   337.1   1.17   6.8  4.8
2020  77  4 33    5.57    2.16    3.28   337.1   1.24   7.0  4.8
2020  77  4 34    5.63    2.67    3.01 99999.9 999.99 999.9 99.9
2020  77  4 35    5.60    3.00    2.94   334.2   1.10   6.6  4.8
2020  77  4 36    5.60    3.02    2.90   334.2   1.10   6.6  4.8
2020  77  4 37    5.83    2.48    2.97 99999.9 999.99 999.9 99.9
2020  77  4 38    5.78    2.92    2.54 99999.9 999.99 999.9 99.9
2020  77  4 39    5.72    2.87    2.80 99999.9 999.99 999.9 99.9
2020  77  4 40    5.80    2.79    2.77 99999.9 999.99 999.9 99.9
2020  77  4 41    5.82    2.69    2.76   336.1   1.17   6.5  4.6
2020  77  4 42    5.67    2.64    2.97   336.1   1.19   6.6  4.6
2020  77  4 43    5.37    2.69    3.45   339.2   1.40   7.4  5.0
2020  77  4 44    5.49    2.69    3.65   339.9   1.29   7.1  4.9
2020  77  4 45    5.51    3.20    2.76   339.0   1.52   7.7  5.0
2020  77  4 46    5.60    2.48    3.48   340.0   1.28   7.1  4.9
2020  77  4 47    5.78    2.64    3.64   339.0   1.16   6.7  4.8
2020  77  4 48    5.46    2.60    3.81   336.1   0.95   6.2  4.6
2020  77  4 49    5.79    1.95    4.09   341.7   1.15   6.7  4.8
2020  77  4 50    5.88    2.13    3.52   342.6   1.30   7.1  4.9
2020  77  4 51    6.05    1.68    3.59   330.0   0.79   5.7  4.4
2020  77  4 52    6.20    1.84    3.67   330.0   0.75   5.6  4.3
2020  77  4 53    6.19    1.80    3.74 99999.9 999.99 999.9 99.9
2020  77  4 54    6.22    1.84    3.68 99999.9 999.99 999.9 99.9
2020  77  4 55    6.23    1.93    3.64   341.9   1.47   7.6  5.1
2020  77  4 56    6.01    1.70    3.35   341.9   1.64   8.0  5.2
2020  77  4 57    5.98    1.66    3.25 99999.9 999.99 999.9 99.9
2020  77  4 59    5.96    1.51    3.41 99999.9 999.99 999.9 99.9
2020  77  5  0    5.96    1.51    3.41 99999.9 999.99 999.9 99.9
2020  77  5  2    6.09    1.48    3.60 99999.9 999.99 999.9 99.9
2020  77  5  4    6.17    1.10    4.06 99999.9 999.99 999.9 99.9
2020  77  5  7    6.16    1.24    3.99   343.0   1.34   7.2  4.9
2020  77  5 10    6.21    1.18    3.96 99999.9 999.99 999.9 99.9
2020  77  5 13    6.25    1.09    5.00   347.9   0.82   5.8  4.4
2020  77  5 14    6.07    1.12    4.81   344.3   0.99   6.2  4.5
2020  77  5 15    6.26    1.52    4.61   341.0   1.00   6.2  4.5
2020  77  5 16    6.40    1.83    4.19   343.2   0.94   6.1  4.5
2020  77  5 17    6.46    1.71    4.29   339.4   1.02   6.2  4.5
2020  77  5 18    6.34    2.17    4.25   337.8   0.98   6.1  4.5
2020  77  5 19    6.28    1.52    4.60   346.5   0.97   6.2  4.6
2020  77  5 20    6.29    2.12    4.26   341.4   1.04   6.3  4.6
2020  77  5 21    6.38    2.14    3.87   340.6   1.19   6.7  4.7
2020  77  5 22    5.93    1.68    3.90   335.4   1.42   7.2  4.8
2020  77  5 23    5.86    1.99    3.84   331.8   1.58   7.4  4.8
2020  77  5 24    5.70    1.75    4.32   339.7   1.37   7.2  4.8
2020  77  5 25    5.48    2.23    4.18   339.7   1.42   7.3  4.9
2020  77  5 26    5.44    2.30    4.11   329.5   1.74   7.7  4.8
2020  77  5 27    5.77    1.91    3.91   329.5   1.73   7.6  4.8
2020  77  5 28    5.59    2.27    3.28   329.5   1.90   8.0  4.9
2020  77  5 29    5.53    2.30    3.36 99999.9 999.99 999.9 99.9
2020  77  5 30    6.11    1.52    3.38   336.1   1.28   7.0  4.9
2020  77  5 31    5.90    1.57    4.05   332.6   1.03   6.3  4.6
2020  77  5 32    5.58    1.44    4.46   337.5   1.28   7.0  4.8
2020  77  5 33    5.53    1.45    4.22   340.3   1.31   7.2  4.9
2020  77  5 34    5.98    1.63    4.31   335.3   1.30   6.7  4.6
2020  77  5 35    6.11    1.59    4.06   342.8   1.07   6.6  4.7
2020  77  5 36    5.80    1.72    4.30   338.4   1.16   6.5  4.6
2020  77  5 37    5.44    1.59    4.68   333.3   1.28   6.5  4.5
2020  77  5 38    5.73    1.83    4.30   341.7   1.23   6.9  4.8
2020  77  5 39    5.96    1.60    4.65   341.7   1.12   6.6  4.7
2020  77  5 40    5.18    1.92    4.38   337.3   1.25   7.0  4.9
2020  77  5 41    4.12    2.95    3.97   340.9   1.45   7.6  5.1
2020  77  5 42    4.80    2.02    4.30   342.7   1.45   7.5  5.0
2020  77  5 43    5.24    1.17    4.54   339.5   1.36   7.3  4.9
2020  77  5 44    5.24    1.87    4.50   339.5   1.33   7.2  4.9
2020  77  5 45    4.81    1.69    4.50   339.6   1.69   8.1  5.2
2020  77  5 46    5.08    1.71    4.55   342.3   1.63   8.0  5.1
2020  77  5 47    5.30    1.91    4.28   337.0   1.43   7.3  4.9
2020  77  5 48    5.36    1.88    4.51   343.1   1.22   6.9  4.8
2020  77  5 49    5.16    1.76    4.28   342.1   1.12   6.7  4.8
2020  77  5 50    5.02    1.50    4.53   339.4   1.67   7.9  5.1
2020  77  5 51    4.84    2.12    4.15   339.0   1.71   8.1  5.1
2020  77  5 52    4.76    2.31    4.10   337.5   1.84   8.4  5.2
2020  77  5 53    6.28    2.15    4.29   337.6   1.36   7.2  4.9
2020  77  5 54    6.05    1.33    4.75   345.9   0.76   5.7  4.4
2020  77  5 55    6.41    1.61    4.40   346.1   0.84   5.9  4.5
2020  77  5 56    6.11    1.25    4.98   346.1   0.86   5.9  4.5
2020  77  5 57    6.55    1.70    4.34 99999.9 999.99 999.9 99.9
2020  77  5 58    6.12    1.27    4.76   347.1   0.63   5.1  4.1
2020  77  5 59    5.77    0.96    5.52   347.1   0.61   5.0  4.0
2020  77  6  1    6.46    1.90    4.41 99999.9 999.99 999.9 99.9
2020  77  6  3    6.33    1.38    3.97   353.0   0.91   6.3  4.7
2020  77  6  4    6.03    1.10    4.22   350.9   0.92   6.4  4.8
2020  77  6  5    6.18    1.01    4.47   346.5   0.81   5.9  4.5
2020  77  6  6    6.23    0.69    4.30   343.1   0.72   5.5  4.3
2020  77  6  7    5.81    1.26    4.11   343.9   0.80   5.9  4.5
2020  77  6  8    6.03    1.51    4.15   341.7   0.82   5.7  4.4
2020  77  6  9    6.20    1.60    4.18   341.5   0.81   5.8  4.4
2020  77  6 10    5.40    0.41    3.22   341.4   1.01   6.5  4.8
2020  77  6 11    5.75    0.56    3.73   346.3   0.81   6.0  4.6
2020  77  6 12    4.84   -0.82    2.40   342.9   0.54   4.9  4.1
2020  77  6 13    3.79   -0.85    1.67   347.9   0.89   6.2  4.6
2020  77  6 14    2.95   -1.50    0.84   357.2   1.36   7.4  5.0
2020  77  6 15    1.18   -2.77   -0.31   366.1   1.77   8.2  5.1
2020  77  6 16   -1.25   -4.11   -2.76 99999.9 999.99 999.9 99.9
2020  77  6 17   -1.02   -4.56   -3.93 99999.9 999.99 999.9 99.9
2020  77  6 18   -1.17   -3.81   -3.52 99999.9 999.99 999.9 99.9
2020  77  6 19   -0.07   -5.80   -3.63 99999.9 999.99 999.9 99.9
2020  77  6 20   -1.06   -5.11   -3.77   361.4   1.16   6.9  4.9
2020  77  6 21   -0.17   -5.93   -3.76   361.4   1.04   6.5  4.7
2020  77  6 22   -0.32   -5.84   -3.66   361.4   1.07   6.6  4.8
2020  77  6 23   -0.38   -5.75   -3.76   362.1   1.24   7.0  4.9
2020  77  6 24   -0.32   -5.93   -3.66   362.5   1.16   6.8  4.8
2020  77  6 25   -0.38   -5.76   -3.90   363.4   1.08   6.6  4.8
2020  77  6 26   -0.42   -6.01   -3.90 99999.9 999.99 999.9 99.9
2020  77  6 27   -0.33   -6.05   -3.81 99999.9 999.99 999.9 99.9
2020  77  6 28   -0.04   -6.23   -3.45 99999.9 999.99 999.9 99.9
2020  77  6 29   -0.17   -6.24   -3.47 99999.9 999.99 999.9 99.9
2020  77  6 31   -0.09   -6.32   -3.27 99999.9 999.99 999.9 99.9
2020  77  6 34   -0.18   -6.09   -3.56 99999.9 999.99 999.9 99.9
2020  77  6 35    5.81    1.20    4.30 99999.9 999.99 999.9 99.9
2020  77  6 36   -0.28   -6.01   -3.52   362.6   1.13   6.7  4.7
2020  77  6 37   -0.27   -5.94   -3.56   362.6   1.13   6.7  4.7
2020  77  6 38    0.00   -5.82   -3.52   361.2   1.30   6.9  4.8
2020  77  6 39   -0.16   -5.95   -3.42   361.2   1.28   6.9  4.7
2020  77  6 40    0.11   -5.74   -3.08   358.7   1.62   7.6  4.9
2020  77  6 41    0.79   -5.74   -2.28   358.8   1.79   8.0  5.0
2020  77  6 42    0.41   -5.84   -2.67   359.0   1.71   7.9  5.0
2020  77  6 44    0.82   -6.02   -1.28 99999.9 999.99 999.9 99.9
2020  77  6 45    0.83   -6.13   -1.13 99999.9 999.99 999.9 99.9
2020  77  6 46    1.00   -6.04   -0.92   359.4   1.97   8.4  5.1
2020  77  6 47    0.91   -6.17   -0.48   359.4   1.93   8.3  5.1
2020  77  6 48    1.18   -6.15   -0.68   359.4   1.90   8.2  5.1
2020  77  6 49    1.22   -5.96   -0.79   362.9   2.09   8.7  5.2
2020  77  6 50    2.15   -5.75   -1.45   362.9   1.98   8.4  5.1
2020  77  6 51    2.45   -5.98   -1.16   368.0   1.67   7.9  5.1
2020  77  6 52    2.54   -5.86   -0.85   369.1   1.61   7.9  5.1
2020  77  6 53    2.83   -5.78   -0.27   366.7   1.55   7.7  5.0
2020  77  6 54    2.42   -5.79   -0.48   368.8   1.47   7.7  5.1
2020  77  6 55    2.23   -6.00   -0.35   360.8   1.67   7.9  5.0
2020  77  6 56    1.89   -6.09   -0.38   360.8   1.68   7.9  5.0
2020  77  6 57    2.16   -5.86   -0.63   360.8   1.75   8.0  5.1
2020  77  6 58    2.18   -6.04   -0.15   362.0   1.74   7.8  4.9
2020  77  6 59    1.29   -5.95   -0.62   362.0   1.91   8.2  5.0
2020  77  7  0    2.32   -5.91   -0.18   362.0   1.80   7.9  5.0
2020  77  7  1    2.83   -5.43    0.31   367.7   1.62   7.9  5.1
2020  77  7  2    2.57   -5.58    0.57   369.2   1.77   8.3  5.2
2020  77  7  3    2.60   -5.40    0.79   368.5   1.96   8.5  5.2
2020  77  7  4    3.00   -4.96    1.23   365.6   2.06   8.8  5.3
2020  77  7  5    5.73   -1.87    3.96   365.6   1.52   7.5  5.0
2020  77  7  6    6.02   -1.30    4.02   374.4   1.07   6.8  4.9
2020  77  7  7    5.70   -1.85    4.09   374.4   1.10   6.9  4.9
2020  77  7  8    4.81   -3.03    4.18   374.4   1.15   7.0  5.0
2020  77  7  9    4.61   -3.40    4.16   378.0   1.20   7.2  5.1
2020  77  7 10    4.40   -3.71    4.02   378.0   1.22   7.3  5.1
2020  77  7 11    4.50   -3.46    4.16   377.6   1.21   7.2  5.1
2020  77  7 12    4.46   -3.87    3.74   375.7   1.19   7.1  5.0
2020  77  7 13    4.57   -3.45    4.14   375.8   1.18   7.1  5.0
2020  77  7 14    4.12   -3.93    4.12   375.6   1.18   7.2  5.1
2020  77  7 15    3.79   -4.25    3.95   374.4   1.18   7.1  5.0
2020  77  7 16    4.16   -3.78    4.12 99999.9 999.99 999.9 99.9
2020  77  7 17    3.86   -3.56    4.60 99999.9 999.99 999.9 99.9
2020  77  7 18    4.21   -3.62    4.18 99999.9 999.99 999.9 99.9
2020  77  7 19    3.58   -4.82    3.31   373.1   1.43   7.5  5.0
2020  77  7 20    4.41   -3.47    4.18   373.1   1.36   7.3  5.0
2020  77  7 21    4.13   -3.48    4.39 99999.9 999.99 999.9 99.9
2020  77  7 22    3.24   -2.12    5.75 99999.9 999.99 999.9 99.9
2020  77  7 23    4.53   -3.83    3.70 99999.9 999.99 999.9 99.9
2020  77  7 24    4.98   -4.08    2.48   375.7   1.11   7.0  5.0
2020  77  7 25    4.79   -4.52    2.33   375.9   1.12   7.1  5.0
2020  77  7 26    4.34   -4.12    3.54   378.5   1.18   7.3  5.1
2020  77  7 27    4.69   -4.53    1.94   378.7   1.22   7.4  5.2
2020  77  7 28    4.49   -4.03    2.61   373.2   1.15   7.1  5.0
2020  77  7 29    3.29   -1.22    4.97   374.5   1.55   8.0  5.2
2020  77  7 30    3.39   -4.02    2.46   379.9   1.48   7.6  5.0
2020  77  7 31    1.85   -5.84   -0.12   382.2   1.48   7.6  5.0
2020  77  7 32    2.32   -5.35    1.01 99999.9 999.99 999.9 99.9
2020  77  7 33    3.00   -4.99    1.51   379.9   1.17   6.6  4.6
2020  77  7 34    1.97   -6.03   -0.14   379.9   1.18   6.6  4.6
2020  77  7 35    1.36   -6.74   -0.96   382.3   1.15   6.6  4.7
2020  77  7 36    2.10   -5.87    0.17   385.7   1.01   6.3  4.6
2020  77  7 37    0.56   -7.31   -2.21   387.1   0.89   6.0  4.5
2020  77  7 38    2.60   -5.39    0.91   376.5   1.10   6.9  4.9
2020  77  7 39    1.09   -7.01   -2.75   377.2   1.05   6.7  4.9
2020  77  7 40    0.97   -7.05   -2.96   383.6   0.88   6.1  4.6
2020  77  7 41    0.40   -7.30   -3.05   386.8   0.84   5.9  4.5
2020  77  7 42   -0.27   -7.19   -3.54   386.8   0.84   5.9  4.5
2020  77  7 43    0.01   -7.04   -3.75   386.8   1.01   6.6  4.8
2020  77  7 44   -1.11   -7.13   -5.01   387.0   0.74   5.6  4.4
2020  77  7 45   -1.50   -7.18   -5.20   388.2   0.65   5.3  4.2
2020  77  7 46   -1.77   -7.25   -5.32   390.0   0.62   5.2  4.2
2020  77  7 47   -1.97   -7.22   -5.50 99999.9 999.99 999.9 99.9
2020  77  7 48   -1.75   -6.91   -5.98   390.9   0.54   4.9  4.1
2020  77  7 49   -2.11   -6.92   -5.56   390.9   0.55   5.0  4.1
2020  77  7 50   -2.62   -7.00   -5.21   390.9   0.56   5.0  4.1
2020  77  7 51   -2.90   -6.64   -5.41   386.2   0.62   5.1  4.2
2020  77  7 52   -2.78   -6.70   -5.55   386.2   0.61   5.1  4.1
2020  77  7 53   -2.76   -6.72   -5.72   386.2   0.59   5.0  4.1
2020  77  7 54   -2.81   -6.42   -5.84 99999.9 999.99 999.9 99.9
2020  77  7 56   -2.80   -6.54   -5.97 99999.9 999.99 999.9 99.9
2020  77  7 57   -2.83   -6.44   -6.08 99999.9 999.99 999.9 99.9
2020  77  7 58   -2.82   -6.42   -6.09   388.3   0.55   4.9  4.0
2020  77  7 59   -2.83   -6.35   -6.18   388.3   0.55   4.9  4.0
2020  77  8  0   -2.83   -6.52   -6.22   388.3   0.53   4.8  4.0
2020  77  8  1   -2.93   -6.70   -6.05 99999.9 999.99 999.9 99.9
2020  77  8  2   -3.22   -6.42   -6.06   390.4   0.65   5.2  4.2
2020  77  8  3   -3.11   -6.20   -6.35   390.4   0.65   5.2  4.2
2020  77  8  4   -3.13   -5.90   -6.63   389.1   0.57   5.0  4.1
2020  77  8  5   -3.43   -5.00   -6.95   389.1   0.59   5.1  4.1
2020  77  8  6   -3.56   -4.38   -7.09   390.4   0.63   5.2  4.2
2020  77  8  7   -3.38   -4.54   -6.90   392.5   0.68   5.5  4.4
2020  77  8  8   -2.44   -4.93   -7.45   390.8   0.65   5.4  4.3
2020  77  8  9   -3.60   -3.41   -7.39   390.6   0.70   5.5  4.4
2020  77  8 10   -4.03   -2.22   -7.47   394.0   0.77   5.8  4.5
2020  77  8 11   -4.68   -1.04   -6.80   394.2   0.92   6.2  4.6
2020  77  8 12   -4.90    0.62   -6.20   395.3   0.92   6.4  4.8
2020  77  8 13   -3.84   -1.82   -6.62   395.3   0.77   5.8  4.5
2020  77  8 14   -4.15    1.25   -5.85 99999.9 999.99 999.9 99.9
2020  77  8 15   -3.87   -0.93   -6.08   392.6   0.91   6.4  4.8
2020  77  8 16   -3.98   -0.79   -6.17   392.4   0.97   6.6  4.8
2020  77  8 17   -4.16   -0.18   -6.28   392.9   1.10   6.8  4.9
2020  77  8 18   -3.89    0.14   -6.26   390.5   1.16   6.9  4.9
2020  77  8 19   -4.30    1.83   -5.24   395.4   1.14   7.2  5.1
2020  77  8 20   -4.75    3.16   -4.04   401.2   1.22   7.8  5.4
2020  77  8 21   -4.60    2.73   -4.37 99999.9 999.99 999.9 99.9
2020  77  8 22   -4.44    1.48   -5.01 99999.9 999.99 999.9 99.9
2020  77  8 23   -4.50    1.33   -4.92   404.1   1.26   8.0  5.6
2020  77  8 24   -4.57    1.11   -4.95   404.1   1.25   8.0  5.5
2020  77  8 25   -4.17    0.43   -5.62   404.1   1.17   7.7  5.4
2020  77  8 26   -4.16    0.12   -5.53 99999.9 999.99 999.9 99.9
2020  77  8 27   -4.06   -0.64   -5.44 99999.9 999.99 999.9 99.9
2020  77  8 28   -4.29   -0.16   -5.26   400.1   1.22   7.8  5.4
2020  77  8 30   -4.45    1.22   -4.88   400.1   1.23   7.8  5.4
2020  77  8 31   -4.38    1.42   -4.79   403.4   1.29   7.9  5.4
2020  77  8 32   -4.56    1.94   -4.49   403.4   1.31   8.0  5.5
2020  77  8 33   -4.68    1.45   -4.47   403.4   1.31   8.0  5.5
2020  77  8 34   -4.91    0.90   -4.60 99999.9 999.99 999.9 99.9
2020  77  8 35   -4.85    1.85   -4.13 99999.9 999.99 999.9 99.9
2020  77  8 36   -4.75    1.73   -3.98   403.2   1.46   8.4  5.6
2020  77  8 37   -4.54    2.29   -3.85   403.2   1.49   8.4  5.6
2020  77  8 38   -4.14    2.92   -3.43   403.2   1.60   8.8  5.7
2020  77  8 39   -3.75    3.64   -3.13   400.1   1.64   8.8  5.6
2020  77  8 40   -4.05    3.39   -3.22   400.1   1.59   8.6  5.6
2020  77  8 41   -4.04    2.55   -3.63   398.8   1.53   8.5  5.6
2020  77  8 42   -3.87    2.55   -3.84   398.8   1.52   8.5  5.6
2020  77  8 43   -3.80    2.68   -4.12 99999.9 999.99 999.9 99.9
2020  77  8 44   -3.81    2.77   -4.13   393.4   1.23   7.3  5.1
2020  77  8 45   -3.74    2.18   -4.51   393.4   1.22   7.3  5.1
2020  77  8 46   -3.44    1.79   -4.42   394.2   1.57   8.1  5.3
2020  77  8 47   -3.58   -0.39   -4.74   393.7   1.46   7.8  5.2
2020  77  8 48   -2.56   -3.41   -3.57   391.6   1.66   8.4  5.4
2020  77  8 49   -1.58   -4.74   -3.10   383.5   1.67   8.2  5.2
2020  77  8 50   -2.43   -1.69   -3.66   393.6   1.85   8.7  5.4
2020  77  8 51   -2.59   -0.71   -3.30   395.1   2.04   9.1  5.5
2020  77  8 52   -1.10   -3.50   -3.34   387.5   1.83   8.4  5.2
2020  77  8 53   -0.09   -5.09   -2.54   385.0   1.63   7.8  5.1
2020  77  8 54   -0.58   -4.87   -2.80   385.1   1.44   7.6  5.1
2020  77  8 55   -0.24   -5.39   -2.24   381.9   1.33   7.4  5.1
2020  77  8 56    0.24   -5.62   -2.24   383.6   1.20   7.1  5.0
2020  77  8 57    0.05   -5.61   -2.35   385.2   1.18   7.1  5.0
2020  77  8 58    0.71   -5.55   -2.41   384.8   1.31   7.2  4.9
2020  77  8 59    1.13   -5.39   -2.52   384.5   1.33   7.2  4.9
2020  77  9  0    1.54   -5.10   -2.43   377.5   1.61   7.7  5.0
2020  77  9  1    1.52   -5.04   -2.22   377.5   1.69   7.9  5.0
2020  77  9  2    0.85   -4.88   -2.02   379.8   2.04   8.6  5.2
2020  77  9  3    1.04   -4.74   -2.07   381.7   2.13   8.9  5.3
2020  77  9  4    1.32   -5.14   -1.92   383.0   1.82   8.2  5.1
2020  77  9  5    1.83   -5.17   -1.89   384.9   1.54   7.7  5.0
2020  77  9  6    1.62   -5.16   -1.39   384.0   1.73   8.1  5.1
2020  77  9  7    1.96   -5.34   -1.56   383.8   1.54   7.6  5.0
2020  77  9  8    2.22   -5.31   -2.33   383.7   1.29   7.0  4.8
2020  77  9  9    1.98   -5.24   -2.93   384.7   1.05   6.7  4.8
2020  77  9 10    2.15   -5.17   -2.88   384.7   1.07   6.7  4.8
2020  77  9 11    2.27   -5.31   -2.86   384.3   1.13   6.7  4.8
2020  77  9 12    2.30   -5.41   -2.78   386.5   0.90   6.3  4.8
2020  77  9 13    2.40   -5.41   -2.46   386.9   0.97   6.5  4.8
2020  77  9 14    2.64   -5.40   -2.32   387.3   0.96   6.4  4.7
2020  77  9 15    2.56   -5.49   -2.28   386.3   1.00   6.5  4.8
2020  77  9 16    2.80   -5.53   -2.05   387.5   0.89   6.3  4.7
2020  77  9 17    2.61   -5.56   -2.19   387.7   0.90   6.3  4.7
2020  77  9 18    3.05   -5.44   -1.75   389.4   0.95   6.4  4.7
2020  77  9 19    3.32   -5.36   -1.34   388.1   0.92   6.3  4.7
2020  77  9 20    3.87   -4.99   -1.50   387.8   0.90   6.3  4.7
2020  77  9 21    4.00   -5.00   -0.62   389.1   0.91   6.4  4.8
2020  77  9 22    3.96   -5.10   -0.35   390.0   0.93   6.4  4.8
2020  77  9 23    3.97   -4.86   -0.75   388.4   1.03   6.7  4.9
2020  77  9 24    3.98   -4.86   -0.82   390.3   0.99   6.6  4.9
2020  77  9 25    4.35   -4.51   -0.48   391.5   1.09   6.8  4.9
2020  77  9 26    4.43   -4.44   -0.31   391.9   1.02   6.7  4.9
2020  77  9 27    4.61   -4.18    0.08   391.0   1.04   6.8  4.9
2020  77  9 28    4.75   -3.78    0.63   390.0   1.12   7.0  5.0
2020  77  9 29    4.79   -3.73    0.84   388.9   1.17   7.1  5.0
2020  77  9 30    4.70   -3.75    0.50 99999.9 999.99 999.9 99.9
2020  77  9 31    4.85   -3.48    0.72 99999.9 999.99 999.9 99.9
2020  77  9 32    4.40   -0.41    2.54   394.2   1.47   7.7  5.1
2020  77  9 36    4.29   -0.66    1.85   412.9   1.85   9.1  5.7
2020  77 12 45    4.04   -2.83   -0.80   417.6   1.14   7.6  5.4
2020  77 12 56    3.71   -3.26    0.22   412.5   1.26   7.8  5.4
2020  77 13  0    4.04   -2.91    0.33   411.0   1.24   7.8  5.4
2020  77 13  1    3.91   -3.11    0.14   411.5   1.25   7.8  5.4
2020  77 13  2    3.94   -3.09    0.08   411.6   1.24   7.8  5.4
2020  77 13  3    3.92   -3.08   -0.17   410.4   1.23   7.8  5.4
2020  77 13  4    3.98   -3.06    0.03   410.4   1.22   7.8  5.4
2020  77 13  5    4.00   -3.08   -0.03   410.5   1.22   7.7  5.4
2020  77 13  6    3.94   -3.18    0.11   410.5   1.22   7.7  5.4
2020  77 13  7    4.04   -2.97    0.24   410.5   1.24   7.8  5.4
2020  77 13  8    4.15   -2.81    0.35   406.0   1.13   7.6  5.4
2020  77 13  9    4.45   -2.25    0.54   406.0   1.13   7.6  5.4
2020  77 13 10    4.65   -1.85    0.63   407.4   1.22   7.8  5.4
2020  77 13 11    4.65   -1.75    0.78   407.4   1.23   7.8  5.4
2020  77 13 12    4.62   -1.85    0.78   407.2   1.22   7.8  5.4
2020  77 13 14    3.37   -3.68    0.03   411.6   1.44   8.2  5.4
2020  77 13 15    3.02   -4.05   -0.07   418.3   1.30   8.0  5.5
2020  77 13 16    3.01   -4.05    0.13   419.6   1.38   8.2  5.6
2020  77 13 17    2.97   -4.08    0.30   419.7   1.37   8.2  5.6
2020  77 13 18    3.08   -4.00    0.17   417.4   1.38   8.1  5.5
2020  77 13 19    3.27   -4.00    0.03   417.4   1.32   8.0  5.4
2020  77 13 20    3.24   -4.07    0.03   417.4   1.26   7.9  5.4
2020  77 13 21    3.29   -3.95    0.06   417.4   1.27   7.9  5.5
2020  77 13 22    3.34   -3.90    0.01   417.4   1.35   8.0  5.5
2020  77 13 23    3.46   -3.77   -0.01   417.4   1.37   8.1  5.5
2020  77 13 24    3.18   -3.99    0.15   417.1   1.31   8.0  5.5
2020  77 13 25    3.51   -3.75    0.11   417.0   1.29   7.9  5.4
2020  77 13 26    3.48   -3.77    0.05   417.0   1.30   7.9  5.4
2020  77 13 27    3.54   -3.71   -0.03   415.4   1.24   7.8  5.4
2020  77 13 28    3.57   -3.71    0.00   415.5   1.24   7.8  5.4
2020  77 13 29    3.49   -3.70    0.35   416.1   1.32   8.0  5.5
2020  77 13 30    3.43   -3.76    0.39   417.3   1.37   8.1  5.5
2020  77 13 31    3.39   -3.78    0.35   417.6   1.40   8.2  5.5
2020  77 13 32    3.56   -3.64    0.27   416.6   1.38   8.1  5.5
2020  77 13 33    3.49   -3.72    0.36   416.6   1.36   8.1  5.5
2020  77 13 34    3.50   -3.77    0.39   417.6   1.32   8.0  5.5
2020  77 13 35    3.51   -3.75    0.46   416.7   1.29   8.0  5.5
2020  77 13 36    3.59   -3.86    0.54   415.9   1.20   7.7  5.4
2020  77 13 37    3.64   -3.79    0.49   414.5   1.21   7.7  5.4
2020  77 13 38    3.76   -3.67    0.48   414.0   1.18   7.6  5.4
2020  77 13 39    3.81   -3.52    0.54   414.0   1.22   7.7  5.4
2020  77 13 40    3.84   -3.40    0.67   413.5   1.27   7.9  5.5
2020  77 13 41    3.77   -3.30    0.87   413.1   1.33   8.1  5.5
2020  77 13 42    3.81   -3.26    0.94   412.6   1.34   8.1  5.5
2020  77 13 43    3.69   -3.31    0.70   414.0   1.49   8.2  5.4
2020  77 13 44    3.68   -3.43   -0.31   413.4   1.44   8.2  5.5
2020  77 14 20    1.62   -4.08   -2.60   403.2   1.74   8.4  5.3
2020  77 14 23    0.29   -3.86   -3.73   395.9   1.39   7.5  5.0
2020  77 14 24    0.13   -3.62   -3.99   395.0   1.35   7.4  5.0
2020  78  9 43    4.38   -2.54    1.60 99999.9 999.99 999.9 99.9
2020  78  9 45    4.44   -2.54    1.63 99999.9 999.99 999.9 99.9
2020  78  9 49    4.44   -2.58    1.61 99999.9 999.99 999.9 99.9
2020  78  9 50    4.46   -2.56    1.61   393.9   1.33   8.1  5.5
2020  78  9 51    4.38   -2.54    1.58   393.9   1.37   8.2  5.6
2020  78  9 52    4.39   -2.47    1.60 99999.9 999.99 999.9 99.9
2020  78  9 53    4.38   -2.45    1.68 99999.9 999.99 999.9 99.9
2020  78  9 54    4.31   -2.40    1.64   394.4   1.50   8.7  5.7
2020  78  9 57    4.42   -2.36    1.65 99999.9 999.99 999.9 99.9
2020  78 10  0    4.42   -2.33    1.66 99999.9 999.99 999.9 99.9
2020  78 10  3    4.44   -2.31    1.73 99999.9 999.99 999.9 99.9
2020  78 10  4    4.46   -2.25    1.82 99999.9 999.99 999.9 99.9
2020  78 10  5    4.41   -2.29    1.87 99999.9 999.99 999.9 99.9
2020  78 10  6    4.41   -2.29    1.87 99999.9 999.99 999.9 99.9
2020  78 10  7    4.36   -2.32    1.88   396.3   1.40   8.4  5.6
2020  78 10  9    4.34   -2.30    1.94 99999.9 999.99 999.9 99.9
2020  78 10 10    4.32   -2.32    1.97 99999.9 999.99 999.9 99.9
2020  78 10 11    4.32   -2.32    1.97 99999.9 999.99 999.9 99.9
2020  78 10 12    4.31   -2.39    1.91 99999.9 999.99 999.9 99.9
2020  78 10 13    4.28   -2.35    2.04 99999.9 999.99 999.9 99.9
2020  78 10 14    4.31   -2.30    2.01   395.9   1.41   8.4  5.7
2020  78 10 15    4.37   -2.22    1.90   395.9   1.42   8.5  5.7
2020  78 10 16    4.46   -2.03    2.01   395.9   1.41   8.4  5.7
2020  78 10 17    4.49   -1.72    2.20   395.2   1.31   8.1  5.5
2020  78 10 18    4.55   -1.62    2.21   395.2   1.31   8.1  5.5
2020  78 10 19    4.30   -2.39    1.92   393.9   1.43   8.3  5.5
2020  78 10 21    3.85   -3.43    1.39 99999.9 999.99 999.9 99.9
2020  78 10 22    3.59   -3.90    1.50   394.6   1.19   7.7  5.4
2020  78 10 23    3.07   -4.35    1.35   396.8   1.21   7.8  5.4
2020  78 10 24    3.04   -4.36    1.49   401.6   1.24   7.9  5.5
2020  78 10 25    3.19   -3.96    1.87   400.2   1.26   7.9  5.5
2020  78 10 26    4.31   -3.13    1.29 99999.9 999.99 999.9 99.9
2020  78 10 27    3.76   -3.59    1.98   393.7   1.17   7.6  5.3
2020  78 10 28    3.77   -3.58    2.06   394.0   1.16   7.5  5.3
2020  78 10 29    3.96   -3.43    2.01   397.1   1.07   7.4  5.3
2020  78 10 30    3.46   -3.77    2.10   395.9   1.12   7.5  5.4
2020  78 10 31    3.87   -3.62    1.75 99999.9 999.99 999.9 99.9
2020  78 10 36    4.05   -3.42    1.97   402.2   0.82   6.6  5.1
2020  78 10 37    3.68   -3.72    2.10   402.2   0.82   6.6  5.1
2020  78 10 38    4.29   -2.76    2.24   395.7   1.10   7.5  5.4
2020  78 10 39    4.81   -1.44    2.22   391.0   1.15   7.5  5.3
2020  78 10 40    4.75   -1.51    2.29   383.3   1.04   7.0  5.1
2020  78 10 41    4.70   -0.79    2.70   384.1   0.99   6.9  5.1
2020  78 10 42    4.78   -0.88    2.50   383.6   1.09   7.2  5.2
2020  78 10 43    4.79   -0.78    2.45   383.6   1.10   7.2  5.2
2020  78 10 44    4.93   -0.93    1.97 99999.9 999.99 999.9 99.9
2020  78 10 45    4.90   -1.03    2.01   383.3   1.12   7.3  5.2
2020  78 10 46    4.94   -0.86    2.01   383.3   1.12   7.3  5.2
2020  78 10 47    4.93   -0.43    2.21   383.4   1.07   7.2  5.2
2020  78 10 48    4.88   -0.43    2.31   383.2   1.06   7.1  5.2
2020  78 10 49    4.86   -0.49    2.31   382.9   1.06   7.1  5.1
2020  78 10 52    4.76   -0.31    2.52 99999.9 999.99 999.9 99.9
2020  78 10 53    4.76   -0.31    2.52 99999.9 999.99 999.9 99.9
2020  78 10 54    4.82   -0.21    2.48 99999.9 999.99 999.9 99.9
2020  78 10 56    4.76   -0.04    2.60 99999.9 999.99 999.9 99.9
2020  78 10 57    4.75   -0.02    2.59 99999.9 999.99 999.9 99.9
2020  78 10 58    4.95   -0.05    2.29   383.5   1.00   6.9  5.0
2020  78 10 59    5.30    0.48    2.29   389.8   0.82   6.5  5.0
2020  78 11  0    5.02    1.11    2.01   391.6   0.91   6.9  5.1
2020  78 11  1    4.84    1.48    1.82   387.7   1.10   7.3  5.2
2020  78 11  2    4.92    0.59    2.24   388.8   0.96   6.9  5.1
2020  78 11  3    5.04   -0.69    2.74   389.6   0.79   6.3  4.9
2020  78 11  4    4.99   -0.71    2.90   389.6   0.77   6.3  4.8
2020  78 11  5    4.93   -0.95    2.97 99999.9 999.99 999.9 99.9
2020  78 11  6    4.96   -1.00    3.09   389.7   0.67   5.9  4.7
2020  78 11  7    5.09   -0.49    2.98   389.7   0.67   5.9  4.7
2020  78 11  8    5.11    0.06    2.77   389.7   0.67   5.9  4.7
2020  78 11  9    4.88    1.10    2.99 99999.9 999.99 999.9 99.9
2020  78 11 10    5.28    1.26    1.89 99999.9 999.99 999.9 99.9
2020  78 11 11    4.99    1.76    1.71   405.0   1.04   7.3  5.3
2020  78 11 12    4.62    2.63    1.37   405.0   1.07   7.4  5.3
2020  78 11 13    4.74    2.64    1.49 99999.9 999.99 999.9 99.9
2020  78 11 14    4.85    2.59    1.61 99999.9 999.99 999.9 99.9
2020  78 11 15    4.92    1.82    2.11 99999.9 999.99 999.9 99.9
2020  78 11 16    4.87    0.91    2.46 99999.9 999.99 999.9 99.9
2020  78 11 17    4.82    0.52    2.47   396.8   0.98   7.1  5.2
2020  78 11 18    4.87    0.66    2.73   396.8   0.92   6.9  5.1
2020  78 11 19    4.87    0.36    2.77 99999.9 999.99 999.9 99.9
2020  78 11 20    4.92    0.30    2.82   395.4   0.82   6.5  4.9
2020  78 11 21    4.88    0.13    2.82   395.4   0.84   6.5  5.0
2020  78 11 22    4.13    0.68    3.58   408.1   1.03   7.3  5.3
2020  78 11 23    3.78    0.61    4.04   409.8   0.97   7.2  5.3
2020  78 11 24    4.52    0.57    3.44   404.5   0.82   6.7  5.2
2020  78 11 25    4.77    0.06    3.39   396.5   0.72   6.2  4.9
2020  78 11 26    4.61   -0.30    3.73   397.2   0.69   6.1  4.9
2020  78 11 27    4.63   -0.34    3.78   396.4   0.67   6.1  4.8
2020  78 11 28    4.56   -0.41    3.86   398.4   0.68   6.1  4.8
2020  78 11 29    4.54   -0.45    3.89   398.4   0.68   6.1  4.8
2020  78 11 30    4.57   -0.46    3.85 99999.9 999.99 999.9 99.9
2020  78 11 31    4.50   -0.52    3.84 99999.9 999.99 999.9 99.9
2020  78 11 32    4.40   -0.53    3.80   399.5   0.79   6.4  4.9
2020  78 11 33    4.34   -0.91    3.76   399.5   0.80   6.4  4.9
2020  78 11 34    4.31   -0.87    3.85   399.5   0.79   6.4  4.9
2020  78 11 35    4.31   -0.87    3.84 99999.9 999.99 999.9 99.9
2020  78 11 37    4.27   -0.89    3.87 99999.9 999.99 999.9 99.9
2020  78 11 38    4.16   -0.87    4.03 99999.9 999.99 999.9 99.9
2020  78 11 39    4.21   -0.75    4.00 99999.9 999.99 999.9 99.9
2020  78 11 40    4.22   -0.72    3.96   399.9   0.77   6.5  5.0
2020  78 11 43    4.21   -0.80    3.95 99999.9 999.99 999.9 99.9
2020  78 11 44    4.21   -0.80    3.95 99999.9 999.99 999.9 99.9
2020  78 11 46    4.21   -0.80    3.95 99999.9 999.99 999.9 99.9
2020  78 11 49    4.43   -0.80    3.73 99999.9 999.99 999.9 99.9
2020  78 11 50    4.43   -0.80    3.73 99999.9 999.99 999.9 99.9
2020  78 11 54    4.61   -0.78    3.56 99999.9 999.99 999.9 99.9
2020  78 11 58    4.73   -0.64    3.36 99999.9 999.99 999.9 99.9
2020  78 11 59    4.58   -0.56    3.43   400.6   0.87   6.8  5.1
2020  78 12  0    4.61   -0.52    3.30   401.4   0.90   6.9  5.2
2020  78 12  1    4.44   -0.51    3.21   402.6   0.99   7.3  5.3
2020  78 12  2    4.21   -1.01    3.36   407.6   1.15   7.8  5.5
2020  78 12  3    4.22   -0.75    3.31   409.1   1.17   7.9  5.5
2020  78 12  4    4.48   -0.44    3.65   405.1   1.01   7.2  5.2
2020  78 12  5    4.50   -0.78    3.52   399.1   0.81   6.5  5.0
2020  78 12  6    4.47   -0.93    3.32   396.9   0.77   6.4  5.0
2020  78 12  7    4.23   -1.30    3.09   404.8   1.46   8.4  5.6
2020  78 12  8    4.30   -1.20    3.14   395.3   0.81   6.6  5.1
2020  78 12  9    4.27   -1.12    3.25   392.7   0.68   6.1  4.9
2020  78 12 10    4.14   -1.21    3.38 99999.9 999.99 999.9 99.9
2020  78 12 11    4.26   -1.28    3.32 99999.9 999.99 999.9 99.9
2020  78 12 12    4.45   -1.09    3.47 99999.9 999.99 999.9 99.9
2020  78 12 13    4.80   -0.77    3.48   394.9   0.64   5.7  4.6
2020  78 12 14    4.88   -0.69    3.41   393.2   0.64   5.8  4.7
2020  78 12 15    4.55   -0.45    3.49   400.6   0.74   6.4  5.0
2020  78 12 16    4.69   -0.47    3.41   402.4   0.74   6.4  5.0
2020  78 12 17    4.20   -1.01    3.60   394.4   0.95   7.0  5.2
2020  78 12 18    4.36   -0.73    3.86   385.8   1.04   7.1  5.2
2020  78 12 19    3.98   -1.40    3.31   397.7   1.16   7.7  5.5
2020  78 12 20    4.01   -1.24    3.38   398.8   1.07   7.5  5.4
2020  78 12 21    3.77   -1.25    3.48   397.6   1.58   8.8  5.7
2020  78 12 22    3.89   -1.41    3.41   397.6   1.53   8.7  5.7
2020  78 12 23    4.26   -0.65    3.04 99999.9 999.99 999.9 99.9
2020  78 12 24    4.32   -0.10    3.07 99999.9 999.99 999.9 99.9
2020  78 12 26    4.37   -1.03    3.19   398.4   1.65   8.7  5.6
2020  78 12 27    3.63   -1.32    3.24   398.4   1.78   9.0  5.7
2020  78 12 28   -0.65   -5.13    1.69   405.1   1.69   9.1  5.8
2020  78 12 29   -0.71   -5.25    1.90   407.7   1.56   9.0  5.9
2020  78 12 30   -0.32   -4.53    1.84   407.3   1.71   9.6  6.1
2020  78 12 31   -0.36   -5.09    1.65   407.4   1.88   9.7  6.0
2020  78 12 32    0.09   -5.01    1.82   404.8   2.03   9.9  6.0
2020  78 12 33   -1.48   -5.08    1.08   409.8   1.66   9.3  6.0
2020  78 12 34   -2.71   -5.24    0.37   419.8   1.33   8.6  5.9
2020  78 12 35   -3.02   -5.20    0.01   418.2   1.43   8.5  5.7
2020  78 12 36   -2.45   -5.18    0.81   418.2   1.54   8.8  5.8
2020  78 12 37   -2.87   -5.26    0.44   418.2   1.43   8.5  5.7
2020  78 12 38   -3.54   -4.94   -1.21   418.8   1.22   7.9  5.5
2020  78 12 39   -3.60   -4.72   -1.82   419.6   1.27   8.1  5.6
2020  78 12 40   -3.55   -4.18   -2.71   431.0   1.65   8.9  5.7
2020  78 12 41   -1.65   -5.19    0.81   427.4   1.44   8.4  5.6
2020  78 12 45    5.43   -1.19    2.93   407.3   0.91   6.8  5.1
2020  78 12 47    5.76   -0.91    3.07 99999.9 999.99 999.9 99.9
2020  78 12 53    4.30   -2.98    1.73 99999.9 999.99 999.9 99.9
2020  78 12 54    4.92   -2.29    2.03   403.0   0.98   7.0  5.1
2020  78 12 55    4.99   -2.13    2.05   411.3   1.28   8.1  5.6
2020  78 12 56    4.82   -2.35    1.95   415.2   1.49   8.7  5.8
2020  78 12 57    4.84   -2.33    1.97   408.6   1.15   7.7  5.5
2020  78 12 58    4.94   -1.99    2.10   412.1   1.28   8.1  5.6
2020  78 12 59    5.20   -1.86    2.12   415.1   1.32   8.2  5.6
2020  78 13  0    5.50   -1.34    2.54   410.7   1.04   7.4  5.4
2020  78 13  1    5.20   -1.84    2.39   410.9   1.08   7.5  5.4
2020  78 13  2    5.04   -2.02    2.32   410.0   1.17   7.8  5.5
2020  78 13  3    4.81   -2.25    1.85   412.6   1.39   8.2  5.6
2020  78 13  4    4.86   -2.08    2.11   415.8   1.51   8.8  5.8
2020  78 13  5    4.73   -2.11    1.91   415.1   1.53   8.8  5.8
2020  78 13  6    4.35   -2.30    1.68   411.5   1.51   8.8  5.8
2020  78 13  7    4.78   -2.75    1.70   413.6   1.25   8.2  5.7
2020  78 13  8    4.88   -2.41    2.04   407.2   0.88   6.9  5.2
2020  78 13  9    4.00   -3.84    1.17   411.1   1.22   8.2  5.7
2020  78 13 10    4.21   -3.43    1.33   415.9   1.38   8.7  5.9
2020  78 13 11    4.63   -2.66    1.85   406.1   0.93   7.0  5.2
2020  78 13 12    4.54   -2.90    1.64   411.7   1.18   7.9  5.6
2020  78 13 13    4.32   -3.31    1.44   414.3   1.27   8.3  5.8
2020  78 13 14    4.03   -3.81    0.98   414.3   1.36   8.6  5.9
2020  78 13 15    4.65   -2.69    1.70   415.7   1.26   8.3  5.7
2020  78 13 16    3.82   -3.90    0.56   415.7   1.52   9.1  6.0
2020  78 13 17    1.58   -4.22   -0.55   411.9   1.65   9.6  6.1
2020  78 13 18    1.44   -2.81   -0.43   411.0   1.70   9.5  6.0
2020  78 13 20   -0.78   -4.02   -1.73   409.4   2.07  10.3  6.2
2020  78 13 21   -2.20   -4.17   -1.87   409.8   2.04  10.3  6.2
2020  78 13 22   -2.68   -4.29   -1.58   412.8   1.98  10.2  6.2
2020  78 13 23   -2.76   -4.30   -1.63   412.2   1.97  10.0  6.1
2020  78 13 24    5.82   -0.49    2.91   412.2   1.20   7.9  5.5
2020  78 13 25    3.77   -1.57    2.04   406.9   0.79   6.5  5.0
2020  78 13 26   -2.88   -4.17   -1.90   406.9   1.12   7.8  5.5
2020  78 13 27   -2.91   -4.11   -1.97 99999.9 999.99 999.9 99.9
2020  78 13 28    2.88   -1.69    1.36 99999.9 999.99 999.9 99.9
2020  78 13 29    5.85   -0.71    3.13 99999.9 999.99 999.9 99.9
2020  78 13 30    2.39   -2.02    0.92 99999.9 999.99 999.9 99.9
2020  78 13 31    1.59   -2.19    0.46   407.4   0.90   7.0  5.2
2020  78 13 32   -2.83   -3.98   -2.16   410.0   1.72   9.5  6.0
2020  78 13 33   -2.83   -4.12   -2.01   411.2   1.94  10.0  6.1
2020  78 13 34   -2.60   -4.45   -1.79 99999.9 999.99 999.9 99.9
2020  78 13 35   -2.65   -4.38   -1.93 99999.9 999.99 999.9 99.9
2020  78 13 36   -3.17   -3.72   -2.30 99999.9 999.99 999.9 99.9
2020  78 13 37   -2.82   -4.17   -2.16 99999.9 999.99 999.9 99.9
2020  78 13 38   -3.21   -3.54   -2.44   412.4   1.86   9.8  6.1
2020  78 13 39   -3.14   -3.81   -2.38   412.4   1.81   9.6  6.0
2020  78 13 40   -3.11   -3.79   -2.49   412.7   1.97   9.9  6.0
2020  78 13 41   -3.26   -3.46   -2.72   412.7   1.98   9.9  6.0
2020  78 13 42   -3.19   -3.43   -2.68   415.0   2.00  10.2  6.2
2020  78 13 43   -3.31   -3.44   -2.57   414.4   1.99  10.1  6.1
2020  78 13 44   -3.31   -3.47   -2.55   414.5   1.97  10.1  6.1
2020  78 13 45   -3.26   -3.33   -2.75   415.7   1.90  10.0  6.1
2020  78 13 46   -2.89   -3.87   -2.59   415.6   1.84   9.8  6.1
2020  78 13 47   -2.81   -3.86   -2.51   416.2   1.91  10.0  6.2
2020  78 13 48   -3.72   -2.81   -2.58   414.6   1.99  10.2  6.2
2020  78 13 49   -3.93   -2.55   -2.67   412.1   1.97  10.0  6.1
2020  78 13 50   -4.08   -2.46   -2.39 99999.9 999.99 999.9 99.9
2020  78 13 51   -4.02   -2.57   -2.55 99999.9 999.99 999.9 99.9
2020  78 13 52   -4.15   -2.39   -2.72 99999.9 999.99 999.9 99.9
2020  78 13 53   -4.25   -2.23   -2.75 99999.9 999.99 999.9 99.9
2020  78 13 54   -4.16   -2.20   -2.80   411.4   1.86   9.7  6.0
2020  78 13 55   -4.19   -2.02   -2.81   411.9   1.92   9.8  6.0
2020  78 13 56   -4.40   -1.75   -2.86   413.0   1.87   9.8  6.0
2020  78 13 57   -3.67   -2.54   -2.81   413.2   1.73   9.4  6.0
2020  78 13 58   -3.91   -1.88   -3.20   417.6   1.73   9.6  6.1
2020  78 13 59   -3.92   -1.78   -3.28   418.8   1.73   9.6  6.1
2020  78 14  0   -3.63   -2.21   -3.24 99999.9 999.99 999.9 99.9
2020  78 14  1   -3.56   -2.36   -3.25   414.4   1.77   9.8  6.1
2020  78 14  3   -3.84   -2.13   -3.14   414.4   1.74   9.7  6.1
2020  78 14  4   -3.95   -1.73   -3.20 99999.9 999.99 999.9 99.9
2020  78 14  5   -3.83   -1.80   -3.28 99999.9 999.99 999.9 99.9
2020  78 14  7   -3.89   -1.79   -3.17 99999.9 999.99 999.9 99.9
2020  78 14  8   -4.07   -1.62   -3.10   413.9   1.95   9.9  6.0
2020  78 14  9   -4.04   -1.74   -3.03   413.9   1.97   9.9  6.0
2020  78 14 10   -4.07   -1.64   -3.01 99999.9 999.99 999.9 99.9
2020  78 14 11   -3.89   -2.16   -2.57 99999.9 999.99 999.9 99.9
2020  78 14 12   -3.96   -1.91   -2.71   416.5   2.17  10.4  6.2
2020  78 14 13   -3.75   -2.34   -1.96   417.4   2.40  11.1  6.4
2020  78 14 14   -3.72   -2.56   -1.83   414.0   2.28  10.9  6.3
2020  78 14 15   -1.37   -2.55   -1.06   413.7   2.10  10.4  6.2
2020  78 14 16    0.73   -2.12    0.46   410.4   1.70   9.1  5.8
2020  78 14 17    1.15   -2.07    0.60   413.1   1.70   9.2  5.9
2020  78 14 18    2.56   -2.14    1.43   407.0   1.32   8.1  5.5
2020  78 14 19    2.32   -2.26    1.27   404.2   1.21   7.7  5.4
2020  78 14 20    1.16   -2.36    0.36   407.5   1.54   8.7  5.7
2020  78 14 21   -0.06   -2.36   -0.35   408.1   1.70   9.1  5.8
2020  78 14 22    3.71   -2.17    1.95   414.6   1.51   8.8  5.8
2020  78 14 23    5.06   -2.38    2.72   403.9   0.96   6.9  5.1
2020  78 14 24    4.87   -1.35    3.18   401.1   0.94   6.7  5.0
2020  78 14 25    4.80   -1.91    2.89   397.2   0.83   6.3  4.8
2020  78 14 26    4.92   -1.72    2.91   403.5   1.11   7.1  5.1
2020  78 14 27    4.98   -1.60    2.95   403.5   1.10   7.1  5.1
2020  78 14 28    5.00   -1.84    2.67 99999.9 999.99 999.9 99.9
2020  78 14 29    5.03   -2.45    1.84 99999.9 999.99 999.9 99.9
2020  78 14 31    5.00   -2.45    1.84 99999.9 999.99 999.9 99.9
2020  78 14 32    5.05   -2.39    1.88   397.5   1.12   7.2  5.1
2020  78 14 33    5.13   -2.35    1.83   397.5   1.10   7.1  5.1
2020  78 14 34    5.01   -2.37    1.82 99999.9 999.99 999.9 99.9
2020  78 14 35    4.93   -2.81    1.65 99999.9 999.99 999.9 99.9
2020  78 14 36    4.89   -2.87    1.55 99999.9 999.99 999.9 99.9
2020  78 14 37    4.93   -2.81    1.45 99999.9 999.99 999.9 99.9
2020  78 14 38    4.84   -3.39    1.35   400.2   0.89   6.6  4.9
2020  78 14 39    4.88   -3.29    1.31   400.2   0.90   6.6  4.9
2020  78 14 40    4.90   -3.37    1.26 99999.9 999.99 999.9 99.9
2020  78 14 41    4.85   -3.37    1.24 99999.9 999.99 999.9 99.9
2020  78 14 42    4.90   -2.86    1.45   401.0   1.02   7.0  5.1
2020  78 14 43    4.98   -2.81    1.56   395.1   0.78   6.1  4.7
2020  78 14 44    4.98   -2.75    1.68   391.1   0.63   5.5  4.4
2020  78 14 45    5.00   -2.68    1.75 99999.9 999.99 999.9 99.9
2020  78 14 47    5.10   -2.28    1.90   385.7   0.53   5.0  4.1
2020  78 14 48    5.11   -1.76    2.14   385.7   0.55   5.1  4.2
2020  78 14 49    5.35   -1.64    2.12   385.7   0.52   4.9  4.1
2020  78 14 50    5.64   -1.52    2.05   400.4   0.78   6.2  4.8
2020  78 14 51    5.57   -1.36    2.17   400.4   0.79   6.3  4.8
2020  78 14 52    5.65   -1.48    2.07 99999.9 999.99 999.9 99.9
2020  78 14 53    5.57   -1.40    2.15   400.2   0.85   6.5  5.0
2020  78 14 54    5.65   -1.40    2.06   400.2   0.84   6.5  4.9
2020  78 14 55    5.74   -1.47    1.92 99999.9 999.99 999.9 99.9
2020  78 14 56    5.78   -1.44    1.89   392.0   0.57   5.2  4.2
2020  78 14 57    5.68   -1.47    2.04   392.0   0.58   5.2  4.2
2020  78 14 58    5.76   -1.47    1.94 99999.9 999.99 999.9 99.9
2020  78 14 59    5.78   -1.39    2.08 99999.9 999.99 999.9 99.9
2020  78 15  0    5.78   -1.39    2.08 99999.9 999.99 999.9 99.9
2020  78 15  1    5.79   -1.36    2.03 99999.9 999.99 999.9 99.9
2020  78 15  2    5.58   -1.65    2.12 99999.9 999.99 999.9 99.9
2020  78 15  3    5.58   -1.65    2.12 99999.9 999.99 999.9 99.9
2020  78 15  4    5.64   -1.52    2.06 99999.9 999.99 999.9 99.9
2020  78 15  5    5.62   -1.43    2.05   396.6   0.88   6.5  4.9
2020  78 15  6    5.62   -1.43    2.05   396.6   0.88   6.5  4.9
2020  78 15  7    5.66   -1.42    2.06   396.6   0.87   6.5  4.9
2020  78 15  8    5.73   -1.43    2.04 99999.9 999.99 999.9 99.9
2020  78 15  9    5.66   -1.48    2.13 99999.9 999.99 999.9 99.9
2020  78 15 10    5.67   -1.41    2.09 99999.9 999.99 999.9 99.9
2020  78 15 11    5.67   -1.39    2.11 99999.9 999.99 999.9 99.9
2020  78 15 12    5.67   -1.40    2.08 99999.9 999.99 999.9 99.9
2020  78 15 13    5.67   -1.39    2.07   396.4   0.89   6.6  4.9
2020  78 15 14    5.61   -1.39    2.23   398.0   0.83   6.4  4.9
2020  78 15 15    5.50   -0.73    2.20   404.1   0.95   6.9  5.1
2020  78 15 16    1.08   -3.27    0.43   393.5   1.60   8.5  5.5
2020  78 15 18    2.43   -3.84    1.75   387.2   1.38   7.5  5.1
2020  78 15 20    3.84   -2.19    1.47   390.9   1.45   7.8  5.2
2020  78 15 21    4.02   -2.57    1.60   393.5   1.33   7.6  5.1
2020  78 15 24    4.20   -1.83    1.23   393.5   1.62   8.4  5.4
2020  78 15 27    4.85   -1.34    0.70   390.8   1.38   7.8  5.3
2020  78 15 28    4.28   -2.98    0.62   397.2   1.35   8.1  5.5
2020  78 15 29    4.05   -2.94    0.99   397.1   1.48   8.5  5.6
2020  78 15 30    4.17   -2.77    0.94   397.1   1.53   8.6  5.6
2020  78 15 31    4.23   -2.81    0.46   397.8   1.52   8.5  5.6
2020  78 15 32    4.07   -3.13    0.40   397.6   1.42   8.4  5.6
2020  78 15 34    4.12   -2.92    0.72 99999.9 999.99 999.9 99.9
2020  78 15 40    3.43   -3.70   -0.06   396.7   1.52   8.6  5.7
2020  78 15 41    3.30   -3.75   -0.17   396.7   1.53   8.6  5.7
2020  78 15 42    3.47   -3.70   -0.14   397.7   1.53   8.6  5.7
2020  78 15 43    3.43   -3.81   -0.12   398.6   1.39   8.3  5.6
2020  78 15 44    3.46   -3.77   -0.11 99999.9 999.99 999.9 99.9
2020  78 15 45    3.35   -3.78   -0.13   394.7   1.42   8.4  5.7
2020  78 15 46    3.38   -3.75   -0.12   395.2   1.46   8.5  5.7
2020  78 15 49    3.67   -3.48    0.06   396.3   1.46   8.5  5.6
2020  78 15 50    3.95   -3.37    0.21   396.0   1.33   8.1  5.5
2020  78 15 51    4.02   -3.38    0.25   395.9   1.27   7.9  5.5
2020  78 15 52    3.99   -3.31    0.21   395.0   1.25   7.9  5.4
2020  78 15 53    4.07   -3.25    0.35   395.0   1.24   7.8  5.4
2020  78 15 54    4.07   -3.22    0.38   395.4   1.43   8.4  5.6
2020  78 15 55    3.94   -3.14    0.38   395.4   1.52   8.6  5.7
2020  78 15 59    4.01   -3.18   -0.08   394.4   1.44   8.4  5.6
2020  78 16  2    3.86   -2.99   -0.94   391.5   1.55   8.6  5.7
2020  78 16  3    4.22   -3.01   -0.24   396.3   1.19   7.8  5.5
2020  78 16  4    4.16   -3.04   -0.56   396.2   1.16   7.8  5.5
2020  78 16  5    4.11   -3.08   -0.55   394.8   1.18   7.8  5.5
2020  78 16  6    4.18   -2.84   -0.33   388.6   0.64   6.1  4.9
2020  78 16 43    4.03   -2.93   -0.43   398.1   1.36   8.4  5.7
2020  78 16 44    4.07   -2.97   -0.28   398.3   1.33   8.3  5.7
2020  78 16 45    4.12   -2.78   -0.49   397.0   1.29   8.3  5.7
2020  78 16 49    4.03   -3.01   -0.82   399.2   1.27   8.2  5.7
2020  78 16 50    4.03   -2.99   -1.01   399.3   1.26   8.2  5.7
2020  78 16 51    3.93   -3.05   -1.14   399.3   1.26   8.2  5.7
2020  78 16 52    3.78   -3.14   -1.20   400.9   1.32   8.4  5.7
2020  78 16 53    3.56   -3.37   -1.22   400.9   1.32   8.4  5.7
2020  78 16 54    3.64   -3.20   -1.39   398.0   1.38   8.5  5.7
2020  78 16 55    3.63   -3.11   -1.60   398.0   1.38   8.5  5.7
2020  78 16 56    3.79   -2.96   -1.63   398.0   1.36   8.4  5.7
2020  78 16 57    3.75   -2.99   -1.67   398.0   1.36   8.4  5.7
2020  78 16 58    3.73   -3.02   -1.61   398.0   1.37   8.5  5.7
2020  78 16 59    3.55   -3.27   -1.53 99999.9 999.99 999.9 99.9
2020  78 17  0    3.49   -3.29   -1.64 99999.9 999.99 999.9 99.9
2020  78 17  1    3.43   -3.27   -1.75 99999.9 999.99 999.9 99.9
2020  78 17  2    3.53   -3.19   -1.68   398.3   1.28   8.2  5.6
2020  78 17  3    3.51   -3.14   -1.82   398.3   1.28   8.2  5.6
2020  78 17  4    3.68   -3.04   -1.68   398.3   1.27   8.1  5.6
2020  78 17  5    3.72   -3.01   -1.69 99999.9 999.99 999.9 99.9
2020  78 17  6    3.88   -2.89   -1.55 99999.9 999.99 999.9 99.9
2020  78 17  7    3.84   -2.94   -1.59 99999.9 999.99 999.9 99.9
2020  78 17  8    3.79   -2.94   -1.60   395.2   1.28   8.2  5.6
2020  78 17  9    3.76   -2.95   -1.65   395.2   1.28   8.2  5.6
2020  78 17 10    3.76   -2.96   -1.65 99999.9 999.99 999.9 99.9
2020  78 17 11    3.75   -2.94   -1.70 99999.9 999.99 999.9 99.9
2020  78 17 12    3.74   -2.95   -1.74 99999.9 999.99 999.9 99.9
2020  78 17 13    3.73   -2.92   -1.74 99999.9 999.99 999.9 99.9
2020  78 18 21    2.25   -4.14   -1.83   389.4   1.45   8.4  5.6
2020  78 18 24    2.26   -3.71   -2.38   390.9   1.73   9.0  5.7
2020  78 18 25    2.27   -3.72   -2.35   389.7   1.60   8.6  5.6
2020  78 18 28    2.26   -4.13   -1.69   389.8   1.59   8.7  5.6
2020  78 18 30    2.11   -4.32   -1.33   393.5   1.83   9.2  5.7
2020  78 18 31   -1.16   -1.34   -3.69   387.9   1.55   8.4  5.5
2020  78 18 32   -0.13   -2.27   -3.24   407.4   1.24   8.2  5.7
2020  78 19 32    1.83   -2.53   -1.34   423.0   2.43  11.0  6.3
2020  78 19 35    1.92   -2.77   -1.59   418.7   2.04  10.4  6.3
2020  78 19 36    5.22   -2.62    0.47   415.9   1.26   8.5  5.9
2020  78 19 37    5.23   -2.65    0.48   416.1   1.29   8.4  5.8
2020  78 19 38    4.93   -3.04    0.02   415.8   1.34   8.6  5.9
2020  78 19 39    5.06   -2.53   -0.10   413.9   1.57   9.1  5.9
2020  78 19 40    4.42   -3.21   -0.22   412.7   1.84   9.6  5.9
2020  78 19 41    4.38   -3.27   -1.06   414.5   1.48   9.0  6.0
2020  78 19 42    4.45   -3.30   -0.66   414.5   1.45   8.9  5.9
2020  78 19 43    4.22   -3.49   -0.98   413.4   1.74   9.6  6.1
2020  78 19 44    4.10   -3.46   -1.24   413.4   1.77   9.7  6.1
2020  78 19 45    4.18   -3.56   -1.11   413.4   1.71   9.5  6.0
2020  78 19 46    4.57   -3.32   -0.76   414.3   1.59   9.1  5.9
2020  78 19 47    4.61   -3.30   -0.69   414.3   1.59   9.1  5.9
2020  78 19 48    4.65   -3.35   -0.93   414.3   1.53   9.0  5.9
2020  78 19 49    4.80   -3.52   -1.25   419.2   1.28   8.4  5.8
2020  78 19 50    5.02   -3.62   -0.91   418.5   1.20   8.1  5.7
2020  78 19 51    5.13   -3.48   -0.62   418.3   1.21   8.1  5.7
2020  78 19 52    5.09   -3.54   -0.43   419.5   1.25   8.3  5.7
2020  78 19 53    5.15   -3.57   -0.24   419.1   1.19   8.1  5.7
2020  78 19 54    5.37   -3.36    0.12   418.3   1.14   7.9  5.6
2020  78 19 55    5.46   -3.37   -0.03   418.0   1.11   7.9  5.6
2020  78 19 56    5.54   -3.16    0.15   419.9   1.20   8.1  5.7
2020  78 19 57    5.34   -3.21    0.08   419.9   1.25   8.3  5.7
2020  78 19 58    5.42   -3.19   -0.03   421.8   1.23   8.2  5.7
2020  78 19 59    5.53   -2.90    0.21   421.8   1.24   8.3  5.7
2020  78 20  0    5.54   -2.88    0.29   420.9   1.26   8.3  5.8
2020  78 20  1    5.89   -2.73    0.96   415.4   1.02   7.5  5.5
2020  78 20  2    5.85   -2.72    0.80   413.4   1.01   7.4  5.4
2020  78 20  3    5.99   -2.85    0.74   412.8   0.92   7.1  5.3
2020  78 20  4    6.12   -2.44    1.02   415.1   0.92   7.1  5.3
2020  78 20  5    5.82   -3.06    0.34   415.5   0.94   7.2  5.3
2020  78 20  6    5.81   -3.21    0.07   414.9   0.90   6.9  5.2
2020  78 20  7    6.14   -2.68   -0.65   414.9   0.88   6.8  5.2
2020  78 20  8    5.96   -2.86   -0.70   415.1   0.97   7.0  5.2
2020  78 20  9    5.90   -3.15   -0.65   415.6   0.94   7.0  5.2
2020  78 20 10    5.79   -3.20   -0.65   416.9   0.94   7.1  5.3
2020  78 20 11    6.00   -2.96   -0.28   423.1   0.94   7.0  5.2
2020  78 20 12    5.98   -3.07   -0.20   417.7   0.87   6.8  5.1
2020  78 20 13    5.88   -2.99   -0.40   417.5   0.95   7.0  5.2
2020  78 20 14    5.74   -2.96   -0.14   420.0   1.09   7.4  5.3
2020  78 20 15    5.70   -2.98   -0.32   418.3   1.07   7.4  5.3
2020  78 20 16    5.71   -3.10    0.00   418.3   1.04   7.3  5.3
2020  78 20 17    5.71   -3.11    0.02   418.3   1.04   7.3  5.3
2020  78 20 18    5.75   -3.06    0.26   419.6   1.03   7.3  5.3
2020  78 20 19    5.74   -3.04    0.27   419.6   1.04   7.3  5.3
2020  78 20 20    5.71   -3.12    0.27   419.6   1.04   7.3  5.3
2020  78 20 21    5.41   -3.37    0.25 99999.9 999.99 999.9 99.9
2020  78 20 22    4.52   -4.13   -1.01   417.4   1.58   8.4  5.5
2020  78 20 23    4.29   -4.23   -1.58   417.4   1.57   8.4  5.5
2020  78 20 24    4.28   -4.36   -1.27 99999.9 999.99 999.9 99.9
2020  78 20 25    3.96   -4.58   -1.72 99999.9 999.99 999.9 99.9
2020  78 20 26    3.60   -4.50   -2.25 99999.9 999.99 999.9 99.9
2020  78 20 27    3.21   -4.72   -2.23   427.4   1.80   9.3  5.8
2020  78 20 28    2.53   -4.35   -3.56   427.4   1.78   9.2  5.8
2020  78 20 29    3.91   -4.35   -1.98   425.6   1.39   8.4  5.7
2020  78 20 30    4.39   -4.04   -1.37   425.6   1.45   8.6  5.7
2020  78 20 31    4.64   -4.19   -1.22 99999.9 999.99 999.9 99.9
2020  78 20 32    4.65   -3.88   -0.77 99999.9 999.99 999.9 99.9
2020  78 20 33    5.15   -3.59   -0.02   427.3   1.53   8.6  5.6
2020  78 20 35    4.65   -3.62   -0.68   427.3   1.71   9.1  5.8
2020  78 20 36    5.27   -3.33   -0.01   418.7   1.48   8.5  5.6
2020  78 20 37    4.72   -3.50   -0.63   421.0   1.73   9.2  5.8
2020  78 20 38    4.65   -3.54   -0.62   425.7   1.86   9.5  5.9
2020  78 20 39    4.59   -3.66   -0.73   430.0   2.06  10.0  6.0
2020  78 20 40    3.93   -3.79   -1.77   430.2   2.15  10.2  6.1
2020  78 20 41    4.33   -3.79   -0.59   425.3   1.67   9.1  5.8
2020  78 20 42    5.00   -3.31    0.33   423.9   1.57   8.7  5.7
2020  78 20 43    5.19   -2.78    1.36   421.5   1.52   8.5  5.6
2020  78 20 44    5.14   -2.93    0.26   419.0   1.58   8.7  5.7
2020  78 20 45    5.31   -2.84   -0.63   421.2   1.43   8.5  5.6
2020  78 20 46    5.26   -3.14    1.73   420.5   1.35   8.2  5.6
2020  78 20 47    5.74   -2.07    1.68 99999.9 999.99 999.9 99.9
2020  78 20 48    5.79   -1.17    2.38 99999.9 999.99 999.9 99.9
2020  78 20 49    5.64   -2.10    1.97 99999.9 999.99 999.9 99.9
2020  78 20 50    5.40   -2.15    2.31   420.0   1.31   8.2  5.6
2020  78 20 51    5.24   -2.48    2.66   420.0   1.27   8.1  5.6
2020  78 20 52    5.09   -2.77    2.63   420.0   1.28   8.1  5.6
2020  78 20 53    5.19   -2.57    2.53 99999.9 999.99 999.9 99.9
2020  78 20 54    4.89   -3.06    2.63 99999.9 999.99 999.9 99.9
2020  78 20 55    4.79   -3.31    2.55 99999.9 999.99 999.9 99.9
2020  78 20 56    5.63   -2.94    0.93 99999.9 999.99 999.9 99.9
2020  78 20 57    5.65   -2.93    1.23 99999.9 999.99 999.9 99.9
2020  78 20 58    5.78   -2.65    1.24   410.1   1.17   7.7  5.4
2020  78 20 59    5.90   -2.60    0.98   410.1   1.15   7.6  5.4
2020  78 21  0    5.93   -2.57    1.02   410.1   1.14   7.6  5.4
2020  78 21  1    5.83   -2.78    0.93 99999.9 999.99 999.9 99.9
2020  78 21  2    5.77   -2.88    1.00 99999.9 999.99 999.9 99.9
2020  78 21  3    5.94   -2.50    1.15 99999.9 999.99 999.9 99.9
2020  78 21  4    6.00   -2.14    1.53   409.8   1.21   7.6  5.3
2020  78 21  5    5.98   -2.36    1.28   409.8   1.21   7.6  5.3
2020  78 21  6    5.77   -2.66    1.44 99999.9 999.99 999.9 99.9
2020  78 21  7    6.03   -1.98    1.71 99999.9 999.99 999.9 99.9
2020  78 21  8    6.02   -2.03    1.74 99999.9 999.99 999.9 99.9
2020  78 21  9    6.10   -2.05    1.29 99999.9 999.99 999.9 99.9
2020  78 21 10    6.16   -1.98    1.16 99999.9 999.99 999.9 99.9
2020  78 21 11    5.99   -2.12    1.61   409.6   1.19   7.6  5.3
2020  78 21 12    5.83   -2.51    1.60   409.6   1.19   7.6  5.3
2020  78 21 13    5.82   -2.72    1.33 99999.9 999.99 999.9 99.9
2020  78 21 14    5.92   -2.55    1.44 99999.9 999.99 999.9 99.9
2020  78 21 15    5.92   -2.55    1.44 99999.9 999.99 999.9 99.9
2020  78 21 16    6.16   -2.28    0.75 99999.9 999.99 999.9 99.9
2020  78 21 17    6.10   -2.44    0.61 99999.9 999.99 999.9 99.9
2020  78 21 18    6.16   -2.38    0.87 99999.9 999.99 999.9 99.9
2020  78 21 19    6.36   -1.84    0.65   406.1   1.24   7.6  5.3
2020  78 21 20    6.32   -1.80    0.56   406.1   1.27   7.6  5.3
2020  78 21 21    6.35   -1.68    0.72   406.1   1.26   7.6  5.3
2020  78 21 22    6.37   -1.61    0.78 99999.9 999.99 999.9 99.9
2020  78 21 23    6.41   -1.43    0.87 99999.9 999.99 999.9 99.9
2020  78 21 24    6.45   -1.38    0.79 99999.9 999.99 999.9 99.9
2020  78 21 25    5.75   -1.02    2.76 99999.9 999.99 999.9 99.9
2020  78 21 26    6.55   -0.87    0.95   402.1   1.20   7.2  5.1
2020  78 21 27    6.56   -0.55    0.94   402.1   1.21   7.2  5.1
2020  78 21 28    6.55   -0.57    1.13 99999.9 999.99 999.9 99.9
2020  78 21 29    6.63   -0.06    0.62 99999.9 999.99 999.9 99.9
2020  78 21 30    6.63   -0.46    0.72 99999.9 999.99 999.9 99.9
2020  78 21 31    5.78   -0.71    2.94 99999.9 999.99 999.9 99.9
2020  78 21 32    6.55   -0.23    1.17 99999.9 999.99 999.9 99.9
2020  78 21 33    6.54    0.04    1.20   401.6   1.21   7.3  5.1
2020  78 21 34    5.78   -0.42    2.73   401.6   1.17   7.2  5.1
2020  78 21 35    6.59   -0.39    1.12 99999.9 999.99 999.9 99.9
2020  78 21 36    6.37   -0.22    1.59 99999.9 999.99 999.9 99.9
2020  78 21 37    5.67   -0.46    3.33 99999.9 999.99 999.9 99.9
2020  78 21 38    6.65   -0.03    0.80 99999.9 999.99 999.9 99.9
2020  78 21 39    5.55   -0.70    3.12   428.4   1.49   8.7  5.7
2020  78 21 40    5.73   -1.05    3.43   418.5   1.31   8.0  5.5
2020  78 21 41    6.01   -1.43    1.75   420.7   1.37   8.2  5.6
2020  78 21 42    6.06   -0.22    1.97   427.8   1.58   8.7  5.7
2020  78 21 43    6.58    1.37    0.35   428.2   1.64   8.8  5.7
2020  78 21 44    5.44   -1.06    2.84 99999.9 999.99 999.9 99.9
2020  78 21 45    6.38   -1.39    1.21   403.5   1.05   7.0  5.1
2020  78 21 46    6.08   -1.70    1.90   411.5   1.22   7.6  5.3
2020  78 21 47    6.36    1.21    0.78   417.0   1.40   8.2  5.5
2020  78 21 48    5.91    0.95    1.76 99999.9 999.99 999.9 99.9
2020  78 21 49    5.63   -0.42    2.32   422.5   1.42   8.4  5.7
2020  78 21 50    6.43    1.87    0.12   422.5   1.48   8.6  5.7
2020  78 21 51    5.81    1.11    1.87   404.8   1.25   7.4  5.1
2020  78 21 52    5.94   -0.81    2.01   404.8   1.21   7.3  5.1
2020  78 21 53    5.77   -0.34    2.19   428.5   1.50   8.8  5.8
2020  78 21 54    5.35    0.02    2.12   427.9   1.47   8.6  5.7
2020  78 21 55    5.43   -0.51    1.84   426.4   1.34   8.1  5.5
2020  78 21 56    5.03   -0.20    1.46   421.5   1.44   8.4  5.6
2020  78 21 57    6.19   -1.58    1.04   421.5   1.40   8.2  5.5
2020  78 21 58    5.34   -1.70    2.33   425.9   1.62   8.7  5.6
2020  78 21 59    5.12    0.56    2.74   427.0   1.55   8.7  5.7
2020  78 22  0    5.08   -0.77    3.36   421.8   1.25   8.0  5.5
2020  78 22  1    5.00   -1.36    3.79   427.2   1.44   8.5  5.7
2020  78 22  2    4.74   -1.48    4.04   433.7   1.52   8.8  5.8
2020  78 22  3    4.78   -1.33    3.90   436.4   1.57   9.1  5.9
2020  78 22  4    4.83   -1.31    3.64   438.0   1.55   9.1  5.9
2020  78 22  5    4.93   -1.71    3.25   432.5   1.43   8.6  5.7
2020  78 22  6    5.14   -0.73    2.86   421.1   1.38   8.1  5.5
2020  78 22  7    5.08   -1.18    2.88   416.5   1.23   7.8  5.5
2020  78 22  8    5.28   -2.90    2.28   434.3   1.42   8.5  5.7
2020  78 22  9    4.96   -1.00    3.91   441.4   2.12  10.1  6.0
2020  78 22 10    4.73   -2.11    3.21 99999.9 999.99 999.9 99.9
2020  78 22 11    3.82   -1.85    3.94 99999.9 999.99 999.9 99.9
2020  78 22 12    3.23   -2.60    3.63   426.2   1.36   8.2  5.5
2020  78 22 13    5.57   -1.28    2.83   426.2   1.36   8.2  5.5
2020  78 22 14    6.01   -2.09    2.35   419.0   1.33   8.4  5.7
2020  78 22 15    6.35   -1.52    1.97   419.0   1.34   8.4  5.7
2020  78 22 16    6.04   -0.43    2.65   418.4   1.36   8.2  5.6
2020  78 22 17    6.50   -0.50    1.79   418.4   1.32   8.1  5.5
2020  78 22 18    6.81   -0.33    0.72   419.1   1.32   8.1  5.6
2020  78 22 19    6.53   -1.01    1.92   428.1   1.44   8.4  5.6
2020  78 22 20    6.77   -0.33    1.08   421.5   1.41   8.2  5.5
2020  78 22 21    6.74   -0.39    1.30   421.2   1.14   7.8  5.5
2020  78 22 22    6.47   -0.49    1.86   417.7   1.38   8.2  5.5
2020  78 22 23    6.83   -0.58    1.26   417.5   1.43   8.2  5.5
2020  78 22 24    6.73   -0.95    1.52   417.5   1.43   8.1  5.4
2020  78 22 25    6.46   -0.32    2.10   420.8   1.42   8.2  5.5
2020  78 22 26    6.69   -0.79    1.40   418.8   1.41   8.2  5.5
2020  78 22 27    6.58   -0.74    1.76   417.6   1.42   8.2  5.5
2020  78 22 28    6.41   -0.75    2.01   417.9   1.44   8.3  5.5
2020  78 22 29    6.60   -1.34    1.52   417.9   1.41   8.2  5.5
2020  78 22 30    6.55   -1.51    1.52   421.2   1.33   8.1  5.5
2020  78 22 31    6.40   -1.56    1.92   419.4   1.40   8.2  5.5
2020  78 22 32    6.25   -1.10    2.39 99999.9 999.99 999.9 99.9
2020  78 22 33    6.42   -1.26    1.82   417.9   1.38   8.2  5.5
2020  78 22 34    6.68   -1.26    1.13   417.9   1.39   8.2  5.5
2020  78 22 35    6.56   -0.90    1.90   416.0   1.41   8.1  5.5
2020  78 22 36    6.68   -0.88    1.66   416.0   1.41   8.1  5.4
2020  78 22 37    6.58   -1.36    1.70   419.9   1.27   7.9  5.4
2020  78 22 38    6.62   -2.34    1.52   418.1   1.33   8.0  5.5
2020  78 22 39    6.47   -1.99    1.96   416.9   1.39   8.2  5.5
2020  78 22 40    6.53   -2.44    1.65   416.8   1.40   8.1  5.5
2020  78 22 41    6.43   -1.64    1.88   416.8   1.42   8.2  5.5
2020  78 22 42    6.61   -1.98    1.65   418.3   1.44   8.3  5.5
2020  78 22 43    6.58   -2.19    1.37   418.3   1.45   8.3  5.5
2020  78 22 44    6.48   -1.59    2.04   423.4   1.41   8.2  5.5
2020  78 22 45    6.49   -0.72    2.24   418.7   1.47   8.3  5.5
2020  78 22 46    6.21   -2.38    2.38   416.0   1.49   8.4  5.5
2020  78 22 47    6.65   -1.40    1.97   414.5   1.46   8.2  5.4
2020  78 22 48    6.46   -1.40    2.32   414.5   1.46   8.2  5.5
2020  78 22 49    6.41   -0.27    2.31   414.5   1.48   8.2  5.5
2020  78 22 50    6.68   -1.33    1.59   414.9   1.47   8.2  5.5
2020  78 22 51    6.29   -1.18    2.47   419.5   1.37   8.1  5.5
2020  78 22 52    6.51   -0.60    2.09   421.2   1.33   8.1  5.5
2020  78 22 53    6.27   -0.62    2.85   414.2   1.48   8.3  5.5
2020  78 22 54    6.48   -0.74    2.42   420.8   1.38   8.1  5.5
2020  78 22 55    6.58   -1.75    1.83   421.9   1.35   8.0  5.5
2020  78 22 56    6.46   -2.33    1.68 99999.9 999.99 999.9 99.9
2020  78 22 57    6.63   -1.70    1.75   413.3   1.39   8.1  5.4
2020  78 22 58    6.61   -1.72    1.78   413.3   1.32   7.9  5.4
2020  78 22 59    6.76   -1.53    1.37   413.2   1.21   7.8  5.4
2020  78 23  0    6.44   -1.98    1.50   419.7   1.75   8.9  5.6
2020  78 23  1    5.15   -4.12    1.25   419.7   1.87   9.1  5.7
2020  78 23  2    5.30   -3.76    1.54   424.5   1.78   9.3  5.9
2020  78 23  3    5.42   -3.38    1.69   424.5   1.81   9.4  5.9
2020  78 23  4    5.52   -2.52    2.03   420.6   1.68   9.1  5.8
2020  78 23  5    5.89   -1.66    2.32   420.6   1.68   9.1  5.8
2020  78 23  6    5.86   -2.27    2.11 99999.9 999.99 999.9 99.9
2020  78 23  7    5.99   -0.86    2.46   417.4   1.75   9.2  5.8
2020  78 23  8    6.02   -1.04    2.30   417.4   1.77   9.2  5.8
2020  78 23  9    6.19   -1.20    1.88 99999.9 999.99 999.9 99.9
2020  78 23 10    6.16   -0.87    2.06 99999.9 999.99 999.9 99.9
2020  78 23 11    6.22   -1.32    1.68   418.3   1.78   9.2  5.8
2020  78 23 12    6.18   -0.78    1.71   418.2   1.81   9.3  5.8
2020  78 23 13    6.11   -2.02    1.10   417.9   1.86   9.2  5.7
2020  78 23 14    5.43   -3.71    0.27   417.9   1.86   9.2  5.7
2020  78 23 15    5.92   -2.80    0.75   417.9   1.86   9.2  5.7
2020  78 23 16    6.28   -1.36    1.05   410.9   1.60   8.5  5.5
2020  78 23 17    6.24   -1.50    1.03   412.9   1.60   8.6  5.6
2020  78 23 18    6.05   -2.24    0.81   414.5   1.68   8.8  5.6
2020  78 23 19    5.80   -2.37    1.22   412.2   1.55   8.5  5.6
2020  78 23 20    4.53   -4.20    0.83   418.4   1.77   9.1  5.7
2020  78 23 21    4.51   -4.57    0.78   429.3   2.13   9.8  5.8
2020  78 23 22    4.34   -4.74    0.80   421.5   1.62   8.9  5.8
2020  78 23 23    3.82   -5.16    0.72   424.6   1.61   9.0  5.8
2020  78 23 24    3.29   -5.53    0.47   428.0   1.63   9.0  5.8
2020  78 23 25    3.81   -5.19    0.24   425.5   1.63   9.0  5.8
2020  78 23 26    2.95   -5.66   -0.34   426.7   1.63   9.0  5.8
2020  78 23 27    3.31   -5.51    0.23   434.8   1.68   9.3  6.0
2020  78 23 28    4.03   -4.72   -1.55   427.6   1.73   9.3  5.9
2020  78 23 29    3.26   -4.87   -2.70   416.8   1.67   8.9  5.7
2020  78 23 30    3.22   -4.96   -2.58   414.9   1.67   8.9  5.7
2020  78 23 31    2.51   -5.36   -2.88 99999.9 999.99 999.9 99.9
2020  78 23 34    2.49   -4.43   -4.20   415.0   1.63   8.9  5.7
2020  78 23 35    2.39   -4.65   -3.92   415.0   1.65   8.9  5.7
2020  78 23 36    2.53   -4.68   -3.84   415.0   1.65   8.9  5.7
2020  78 23 37    2.21   -4.66   -3.87 99999.9 999.99 999.9 99.9
2020  78 23 38    3.28   -4.77   -3.15   415.8   1.51   8.6  5.6
2020  78 23 39    3.24   -4.96   -3.00   415.8   1.48   8.5  5.6
2020  78 23 40    2.87   -5.19   -2.91   418.7   1.65   9.0  5.8
2020  78 23 41    3.65   -4.53   -3.27   419.9   1.69   9.2  5.9
2020  78 23 42    3.23   -4.47   -3.46   412.6   1.58   8.8  5.7
2020  78 23 43    2.73   -4.98   -3.28   412.5   1.57   8.8  5.7
2020  78 23 44    2.73   -4.98   -3.28 99999.9 999.99 999.9 99.9
2020  78 23 45    2.72   -4.92   -3.33 99999.9 999.99 999.9 99.9
2020  78 23 46    2.39   -5.12   -3.21 99999.9 999.99 999.9 99.9
2020  78 23 47    2.39   -5.12   -3.21 99999.9 999.99 999.9 99.9
2020  78 23 48    2.23   -5.19   -3.20 99999.9 999.99 999.9 99.9
2020  78 23 50    2.15   -4.76   -3.78   421.1   1.87   9.7  6.0
2020  78 23 51    2.34   -4.68   -3.72   421.1   1.89   9.8  6.0
2020  78 23 53    2.19   -4.62   -3.77 99999.9 999.99 999.9 99.9
2020  78 23 54    2.57   -4.55   -3.62 99999.9 999.99 999.9 99.9
2020  78 23 55    2.57   -4.55   -3.62 99999.9 999.99 999.9 99.9
2020  78 23 56    2.38   -4.60   -3.66 99999.9 999.99 999.9 99.9
2020  78 23 58    2.40   -4.49   -3.77 99999.9 999.99 999.9 99.9
2020  78 23 59    2.27   -4.59   -3.72 99999.9 999.99 999.9 99.9
